<?xml version="1.0" encoding="utf-8"?><testsuites name="pytest tests"><testsuite name="pytest" errors="0" failures="0" skipped="0" tests="6" time="0.972" timestamp="2026-02-05T10:29:36.593697+00:00" hostname="agent-env-991ccf30-8be2-4eeb-8a45-7b15631fc525"><testcase classname="backend.tests.test_account_deletion.TestAccountDeletion" name="test_delete_account_requires_auth" time="0.060" /><testcase classname="backend.tests.test_account_deletion.TestAccountDeletion" name="test_delete_account_requires_confirmation" time="0.082" /><testcase classname="backend.tests.test_account_deletion.TestAccountDeletion" name="test_delete_account_requires_correct_password" time="0.084" /><testcase classname="backend.tests.test_account_deletion.TestAccountDeletion" name="test_delete_account_endpoint_exists" time="0.085" /><testcase classname="backend.tests.test_account_deletion.TestAccountDeletion" name="test_producer_delete_account_validation" time="0.143" /><testcase classname="backend.tests.test_account_deletion.TestAccountDeletionWithTestUser" name="test_create_and_delete_test_customer" time="0.456" /></testsuite></testsuites>