<?xml version="1.0" encoding="utf-8"?><testsuites name="pytest tests"><testsuite name="pytest" errors="0" failures="0" skipped="0" tests="12" time="1.164" timestamp="2026-02-05T09:06:30.518304+00:00" hostname="agent-env-3652b9a9-c475-4a37-8cc3-badbd8b80bc8"><testcase classname="backend.tests.test_address_management.TestAddressManagement" name="test_get_addresses_empty" time="0.078" /><testcase classname="backend.tests.test_address_management.TestAddressManagement" name="test_create_address" time="0.015" /><testcase classname="backend.tests.test_address_management.TestAddressManagement" name="test_get_addresses_after_create" time="0.053" /><testcase classname="backend.tests.test_address_management.TestAddressManagement" name="test_create_second_address" time="0.012" /><testcase classname="backend.tests.test_address_management.TestAddressManagement" name="test_set_default_address" time="0.076" /><testcase classname="backend.tests.test_address_management.TestAddressManagement" name="test_delete_address" time="0.079" /><testcase classname="backend.tests.test_address_management.TestAddressManagement" name="test_address_validation_missing_fields" time="0.051" /><testcase classname="backend.tests.test_address_management.TestCheckoutWithAddress" name="test_checkout_requires_address" time="0.522" /><testcase classname="backend.tests.test_address_management.TestAddressEndpointSecurity" name="test_get_addresses_requires_auth" time="0.036" /><testcase classname="backend.tests.test_address_management.TestAddressEndpointSecurity" name="test_post_address_requires_auth" time="0.040" /><testcase classname="backend.tests.test_address_management.TestAddressEndpointSecurity" name="test_delete_address_requires_auth" time="0.032" /><testcase classname="backend.tests.test_address_management.TestAddressEndpointSecurity" name="test_set_default_requires_auth" time="0.112" /></testsuite></testsuites>