<?xml version="1.0" encoding="utf-8"?><testsuites name="pytest tests"><testsuite name="pytest" errors="0" failures="0" skipped="0" tests="14" time="29.797" timestamp="2026-02-04T13:26:54.913178+00:00" hostname="agent-env-52d34106-ef97-46b7-bb5f-b0e5823c846a"><testcase classname="backend.tests.test_ai_intelligence.TestAIIntelligence" name="test_01_chat_endpoint_works" time="2.323" /><testcase classname="backend.tests.test_ai_intelligence.TestAIIntelligence" name="test_02_product_recommendations_returned" time="2.855" /><testcase classname="backend.tests.test_ai_intelligence.TestAIIntelligence" name="test_03_clear_cart_english" time="0.204" /><testcase classname="backend.tests.test_ai_intelligence.TestAIIntelligence" name="test_04_clear_cart_spanish" time="0.137" /><testcase classname="backend.tests.test_ai_intelligence.TestAIIntelligence" name="test_05_add_them_all_with_session_memory" time="5.534" /><testcase classname="backend.tests.test_ai_intelligence.TestAIIntelligence" name="test_06_add_first_one_with_session_memory" time="4.268" /><testcase classname="backend.tests.test_ai_intelligence.TestAIIntelligence" name="test_07_add_last_one_with_session_memory" time="3.664" /><testcase classname="backend.tests.test_ai_intelligence.TestAIIntelligence" name="test_08_spanish_add_all_command" time="5.781" /><testcase classname="backend.tests.test_ai_intelligence.TestAIIntelligence" name="test_09_no_session_memory_returns_error" time="0.233" /><testcase classname="backend.tests.test_ai_intelligence.TestAIIntelligence" name="test_10_response_has_no_markdown" time="4.312" /><testcase classname="backend.tests.test_ai_intelligence.TestAIIntelligence" name="test_11_execute_action_endpoint_directly" time="0.159" /><testcase classname="backend.tests.test_ai_intelligence.TestAIIntelligence" name="test_12_execute_action_clear_cart" time="0.130" /><testcase classname="backend.tests.test_ai_intelligence.TestCartActionResponses" name="test_short_response_for_add_action" time="0.058" /><testcase classname="backend.tests.test_ai_intelligence.TestCartActionResponses" name="test_short_response_for_clear_action" time="0.052" /></testsuite></testsuites>