<?xml version="1.0" encoding="utf-8"?><testsuites name="pytest tests"><testsuite name="pytest" errors="0" failures="0" skipped="0" tests="23" time="63.950" timestamp="2026-02-04T13:48:39.769777+00:00" hostname="agent-env-52d34106-ef97-46b7-bb5f-b0e5823c846a"><testcase classname="backend.tests.test_ai_memory.TestAIMemoryEndpoints" name="test_01_delete_memory_reset" time="0.097" /><testcase classname="backend.tests.test_ai_memory.TestAIMemoryEndpoints" name="test_02_get_memory_empty" time="0.120" /><testcase classname="backend.tests.test_ai_memory.TestAIMemoryEndpoints" name="test_03_put_memory_update_diet" time="0.118" /><testcase classname="backend.tests.test_ai_memory.TestAIMemoryEndpoints" name="test_04_put_memory_update_allergies" time="0.121" /><testcase classname="backend.tests.test_ai_memory.TestAIMemoryEndpoints" name="test_05_put_memory_update_goals" time="0.110" /><testcase classname="backend.tests.test_ai_memory.TestAIMemoryEndpoints" name="test_06_put_memory_update_budget" time="0.125" /><testcase classname="backend.tests.test_ai_memory.TestAIMemoryEndpoints" name="test_07_get_memory_full_profile" time="0.116" /><testcase classname="backend.tests.test_ai_memory.TestChatPreferenceDetection" name="test_08_chat_detect_vegan_diet" time="6.296" /><testcase classname="backend.tests.test_ai_memory.TestChatPreferenceDetection" name="test_09_chat_detect_vegetarian_diet" time="7.187" /><testcase classname="backend.tests.test_ai_memory.TestChatPreferenceDetection" name="test_10_chat_detect_keto_diet" time="7.230" /><testcase classname="backend.tests.test_ai_memory.TestChatPreferenceDetection" name="test_11_chat_detect_nut_allergy" time="6.760" /><testcase classname="backend.tests.test_ai_memory.TestChatPreferenceDetection" name="test_12_chat_detect_dairy_allergy" time="5.521" /><testcase classname="backend.tests.test_ai_memory.TestChatPreferenceDetection" name="test_13_chat_detect_gluten_allergy" time="4.603" /><testcase classname="backend.tests.test_ai_memory.TestChatPreferenceDetection" name="test_14_chat_detect_weight_loss_goal" time="6.268" /><testcase classname="backend.tests.test_ai_memory.TestChatPreferenceDetection" name="test_15_chat_detect_healthy_eating_goal" time="7.613" /><testcase classname="backend.tests.test_ai_memory.TestMemoryCommands" name="test_16_chat_query_memory_spanish" time="0.122" /><testcase classname="backend.tests.test_ai_memory.TestMemoryCommands" name="test_17_chat_query_memory_english" time="0.133" /><testcase classname="backend.tests.test_ai_memory.TestMemoryCommands" name="test_18_chat_forget_memory_spanish" time="0.195" /><testcase classname="backend.tests.test_ai_memory.TestMemoryCommands" name="test_19_chat_forget_memory_english" time="0.154" /><testcase classname="backend.tests.test_ai_memory.TestPhase1CartActionsStillWork" name="test_20_clear_cart_still_works" time="0.235" /><testcase classname="backend.tests.test_ai_memory.TestPhase1CartActionsStillWork" name="test_21_add_them_all_still_works" time="2.687" /><testcase classname="backend.tests.test_ai_memory.TestAIUsesStoredPreferences" name="test_22_ai_uses_stored_diet_preference" time="3.614" /><testcase classname="backend.tests.test_ai_memory.TestAIUsesStoredPreferences" name="test_23_ai_avoids_allergens" time="4.460" /></testsuite></testsuites>