<?xml version="1.0" encoding="utf-8"?><testsuites name="pytest tests"><testsuite name="pytest" errors="0" failures="0" skipped="0" tests="14" time="0.870" timestamp="2026-02-10T22:01:58.147845+00:00" hostname="agent-env-8b85db18-0c7e-4dce-867b-fe276c28fa60"><testcase classname="backend.tests.test_click_tracking_iter37.TestReferralLinkClickTracking" name="test_referral_link_redirects_to_homepage_with_ref_param" time="0.085" /><testcase classname="backend.tests.test_click_tracking_iter37.TestReferralLinkClickTracking" name="test_referral_link_sets_cookie" time="0.044" /><testcase classname="backend.tests.test_click_tracking_iter37.TestReferralLinkClickTracking" name="test_referral_link_tracks_click_in_database" time="0.035" /><testcase classname="backend.tests.test_click_tracking_iter37.TestReferralLinkClickTracking" name="test_referral_link_invalid_code_still_redirects" time="0.040" /><testcase classname="backend.tests.test_click_tracking_iter37.TestReferralLinkClickTracking" name="test_referral_link_case_insensitive" time="0.038" /><testcase classname="backend.tests.test_click_tracking_iter37.TestInfluencerAnalyticsEndpoint" name="test_analytics_requires_authentication" time="0.039" /><testcase classname="backend.tests.test_click_tracking_iter37.TestInfluencerAnalyticsEndpoint" name="test_analytics_returns_total_link_clicks" time="0.056" /><testcase classname="backend.tests.test_click_tracking_iter37.TestInfluencerAnalyticsEndpoint" name="test_analytics_returns_total_code_uses" time="0.097" /><testcase classname="backend.tests.test_click_tracking_iter37.TestInfluencerAnalyticsEndpoint" name="test_analytics_returns_referral_link" time="0.047" /><testcase classname="backend.tests.test_click_tracking_iter37.TestInfluencerAnalyticsEndpoint" name="test_analytics_returns_click_to_order_rate" time="0.053" /><testcase classname="backend.tests.test_click_tracking_iter37.TestInfluencerAnalyticsEndpoint" name="test_analytics_returns_chart_data_with_link_clicks" time="0.051" /><testcase classname="backend.tests.test_click_tracking_iter37.TestInfluencerAnalyticsEndpoint" name="test_analytics_returns_discount_code" time="0.051" /><testcase classname="backend.tests.test_click_tracking_iter37.TestInfluencerAnalyticsEndpoint" name="test_analytics_full_response_structure" time="0.059" /><testcase classname="backend.tests.test_click_tracking_iter37.TestClickTrackingIntegration" name="test_click_tracking_increments_count" time="0.097" /></testsuite></testsuites>