<?xml version="1.0" encoding="utf-8"?><testsuites name="pytest tests"><testsuite name="pytest" errors="0" failures="0" skipped="0" tests="11" time="1.357" timestamp="2026-02-05T10:54:14.383537+00:00" hostname="agent-env-991ccf30-8be2-4eeb-8a45-7b15631fc525"><testcase classname="tests.test_consent_system.TestConsentEndpoints" name="test_withdraw_consent_requires_auth" time="0.101" /><testcase classname="tests.test_consent_system.TestConsentEndpoints" name="test_reactivate_consent_requires_auth" time="0.041" /><testcase classname="tests.test_consent_system.TestConsentEndpoints" name="test_withdraw_consent_success" time="0.073" /><testcase classname="tests.test_consent_system.TestConsentEndpoints" name="test_reactivate_consent_success" time="0.065" /><testcase classname="tests.test_consent_system.TestConsentEndpoints" name="test_consent_toggle_flow" time="0.225" /><testcase classname="tests.test_consent_system.TestSuperAdminDashboard" name="test_insights_global_requires_super_admin" time="0.043" /><testcase classname="tests.test_consent_system.TestSuperAdminDashboard" name="test_insights_global_denied_for_customer" time="0.053" /><testcase classname="tests.test_consent_system.TestSuperAdminDashboard" name="test_insights_global_allowed_for_super_admin" time="0.104" /><testcase classname="tests.test_consent_system.TestSuperAdminDashboard" name="test_insights_compliance_allowed_for_super_admin" time="0.063" /><testcase classname="tests.test_consent_system.TestRegistrationConsent" name="test_registration_without_consent_fails" time="0.297" /><testcase classname="tests.test_consent_system.TestRegistrationConsent" name="test_registration_with_consent_succeeds" time="0.227" /></testsuite></testsuites>