<?xml version="1.0" encoding="utf-8"?><testsuites name="pytest tests"><testsuite name="pytest" errors="0" failures="0" skipped="0" tests="30" time="1.536" timestamp="2026-02-01T17:49:08.386261+00:00" hostname="agent-env-caa809f6-5fd6-4e14-9414-53410c5d730e"><testcase classname="backend.tests.test_dashboards_api.TestAdminDashboard" name="test_admin_login" time="0.063" /><testcase classname="backend.tests.test_dashboards_api.TestAdminDashboard" name="test_admin_stats" time="0.071" /><testcase classname="backend.tests.test_dashboards_api.TestAdminDashboard" name="test_admin_get_producers" time="0.034" /><testcase classname="backend.tests.test_dashboards_api.TestAdminDashboard" name="test_admin_get_products" time="0.038" /><testcase classname="backend.tests.test_dashboards_api.TestAdminDashboard" name="test_admin_get_certificates" time="0.036" /><testcase classname="backend.tests.test_dashboards_api.TestAdminDashboard" name="test_admin_get_orders" time="0.032" /><testcase classname="backend.tests.test_dashboards_api.TestAdminDashboard" name="test_admin_producer_status_update" time="0.091" /><testcase classname="backend.tests.test_dashboards_api.TestAdminDashboard" name="test_admin_product_approve" time="0.073" /><testcase classname="backend.tests.test_dashboards_api.TestAdminDashboard" name="test_admin_unauthorized_access" time="0.108" /><testcase classname="backend.tests.test_dashboards_api.TestProducerDashboard" name="test_producer_login" time="0.040" /><testcase classname="backend.tests.test_dashboards_api.TestProducerDashboard" name="test_producer_stats" time="0.076" /><testcase classname="backend.tests.test_dashboards_api.TestProducerDashboard" name="test_producer_get_products" time="0.036" /><testcase classname="backend.tests.test_dashboards_api.TestProducerDashboard" name="test_producer_get_certificates" time="0.039" /><testcase classname="backend.tests.test_dashboards_api.TestProducerDashboard" name="test_producer_get_orders" time="0.037" /><testcase classname="backend.tests.test_dashboards_api.TestProducerDashboard" name="test_producer_get_payments" time="0.035" /><testcase classname="backend.tests.test_dashboards_api.TestProducerDashboard" name="test_producer_create_product" time="0.035" /><testcase classname="backend.tests.test_dashboards_api.TestProducerDashboard" name="test_producer_unauthorized_admin_access" time="0.037" /><testcase classname="backend.tests.test_dashboards_api.TestCustomerDashboard" name="test_customer_login" time="0.033" /><testcase classname="backend.tests.test_dashboards_api.TestCustomerDashboard" name="test_customer_stats" time="0.035" /><testcase classname="backend.tests.test_dashboards_api.TestCustomerDashboard" name="test_customer_get_orders" time="0.033" /><testcase classname="backend.tests.test_dashboards_api.TestCustomerDashboard" name="test_customer_get_profile" time="0.077" /><testcase classname="backend.tests.test_dashboards_api.TestCustomerDashboard" name="test_customer_update_profile" time="0.071" /><testcase classname="backend.tests.test_dashboards_api.TestCustomerDashboard" name="test_customer_get_preferences" time="0.031" /><testcase classname="backend.tests.test_dashboards_api.TestCustomerDashboard" name="test_customer_update_preferences" time="0.107" /><testcase classname="backend.tests.test_dashboards_api.TestCustomerDashboard" name="test_customer_unauthorized_admin_access" time="0.034" /><testcase classname="backend.tests.test_dashboards_api.TestCustomerDashboard" name="test_customer_unauthorized_producer_access" time="0.035" /><testcase classname="backend.tests.test_dashboards_api.TestAuthentication" name="test_invalid_login" time="0.034" /><testcase classname="backend.tests.test_dashboards_api.TestAuthentication" name="test_logout" time="0.036" /><testcase classname="backend.tests.test_dashboards_api.TestAuthentication" name="test_unauthenticated_access" time="0.034" /><testcase classname="backend.tests.test_dashboards_api.TestAuthentication" name="test_get_current_user" time="0.035" /></testsuite></testsuites>