<?xml version="1.0" encoding="utf-8"?><testsuites name="pytest tests"><testsuite name="pytest" errors="0" failures="0" skipped="0" tests="21" time="2.459" timestamp="2026-02-04T14:33:59.365758+00:00" hostname="agent-env-52d34106-ef97-46b7-bb5f-b0e5823c846a"><testcase classname="backend.tests.test_influencer_commission.TestInfluencerAdminEndpoints" name="test_01_list_influencers" time="0.095" /><testcase classname="backend.tests.test_influencer_commission.TestInfluencerAdminEndpoints" name="test_02_get_influencer_stats" time="0.058" /><testcase classname="backend.tests.test_influencer_commission.TestInfluencerAdminEndpoints" name="test_03_create_influencer_with_auto_code" time="0.061" /><testcase classname="backend.tests.test_influencer_commission.TestInfluencerAdminEndpoints" name="test_04_create_influencer_with_custom_code" time="0.058" /><testcase classname="backend.tests.test_influencer_commission.TestInfluencerAdminEndpoints" name="test_05_create_duplicate_email_fails" time="0.072" /><testcase classname="backend.tests.test_influencer_commission.TestInfluencerAdminEndpoints" name="test_06_get_influencer_details" time="0.070" /><testcase classname="backend.tests.test_influencer_commission.TestInfluencerAdminEndpoints" name="test_07_update_influencer_status_pause" time="0.080" /><testcase classname="backend.tests.test_influencer_commission.TestInfluencerAdminEndpoints" name="test_08_update_influencer_status_active" time="0.068" /><testcase classname="backend.tests.test_influencer_commission.TestInfluencerAdminEndpoints" name="test_09_update_influencer_status_banned" time="0.110" /><testcase classname="backend.tests.test_influencer_commission.TestInfluencerAdminEndpoints" name="test_10_invalid_status_fails" time="0.056" /><testcase classname="backend.tests.test_influencer_commission.TestInfluencerDiscountCodeIntegration" name="test_11_apply_influencer_discount_code" time="0.178" /><testcase classname="backend.tests.test_influencer_commission.TestInfluencerDiscountCodeIntegration" name="test_12_verify_discount_code_linked_to_influencer" time="0.086" /><testcase classname="backend.tests.test_influencer_commission.TestInfluencerDashboard" name="test_13_influencer_dashboard_not_influencer" time="0.086" /><testcase classname="backend.tests.test_influencer_commission.TestInfluencerDashboard" name="test_14_create_influencer_and_access_dashboard" time="0.425" /><testcase classname="backend.tests.test_influencer_commission.TestSelfReferralPrevention" name="test_15_self_referral_prevention" time="0.420" /><testcase classname="backend.tests.test_influencer_commission.TestOrderCancellationCommissionReversal" name="test_16_commission_reversal_on_cancellation" time="0.050" /><testcase classname="backend.tests.test_influencer_commission.TestInfluencerStripeConnect" name="test_17_stripe_status_not_influencer" time="0.091" /><testcase classname="backend.tests.test_influencer_commission.TestInfluencerStripeConnect" name="test_18_stripe_connect_not_influencer" time="0.125" /><testcase classname="backend.tests.test_influencer_commission.TestInfluencerStripeConnect" name="test_19_admin_payout_no_stripe" time="0.061" /><testcase classname="backend.tests.test_influencer_commission.TestUnauthorizedAccess" name="test_20_admin_endpoints_require_auth" time="0.074" /><testcase classname="backend.tests.test_influencer_commission.TestUnauthorizedAccess" name="test_21_admin_endpoints_require_admin_role" time="0.043" /></testsuite></testsuites>