<?xml version="1.0" encoding="utf-8"?><testsuites name="pytest tests"><testsuite name="pytest" errors="0" failures="0" skipped="0" tests="8" time="17.242" timestamp="2026-02-10T18:57:33.683675+00:00" hostname="agent-env-4fd33191-f729-48c2-bf4e-b276777eecbe"><testcase classname="tests.test_influencer_chat_features.TestChatEndpoints" name="test_chat_conversations_requires_auth" time="0.876" /><testcase classname="tests.test_influencer_chat_features.TestChatEndpoints" name="test_chat_conversations_with_auth" time="0.927" /><testcase classname="tests.test_influencer_chat_features.TestChatEndpoints" name="test_chat_search_users_requires_auth" time="0.839" /><testcase classname="tests.test_influencer_chat_features.TestChatEndpoints" name="test_chat_search_users_with_auth" time="0.845" /><testcase classname="tests.test_influencer_chat_features.TestInfluencerAIAssistant" name="test_ai_assistant_requires_auth" time="0.874" /><testcase classname="tests.test_influencer_chat_features.TestInfluencerAIAssistant" name="test_ai_assistant_requires_influencer" time="1.704" /><testcase classname="tests.test_influencer_chat_features.TestInfluencerAIAssistant" name="test_ai_assistant_with_influencer" time="11.062" /><testcase classname="tests.test_influencer_chat_features.TestBecomeSellerCommission" name="test_become_seller_page_loads" time="0.054" /></testsuite></testsuites>