<?xml version="1.0" encoding="utf-8"?><testsuites name="pytest tests"><testsuite name="pytest" errors="0" failures="0" skipped="0" tests="15" time="0.934" timestamp="2026-02-12T02:11:17.929427+00:00" hostname="agent-env-c9e92be5-c1c3-4ef3-8a07-ab88117aa493"><testcase classname="backend.tests.test_internal_chat.TestInternalChatConversations" name="test_get_conversations_as_producer" time="0.079" /><testcase classname="backend.tests.test_internal_chat.TestInternalChatConversations" name="test_get_conversations_as_influencer" time="0.046" /><testcase classname="backend.tests.test_internal_chat.TestInternalChatConversations" name="test_get_conversations_unauthorized" time="0.037" /><testcase classname="backend.tests.test_internal_chat.TestInternalChatMessages" name="test_get_messages_for_conversation" time="0.046" /><testcase classname="backend.tests.test_internal_chat.TestInternalChatMessages" name="test_get_messages_nonexistent_conversation" time="0.044" /><testcase classname="backend.tests.test_internal_chat.TestSendMessage" name="test_send_message_to_existing_conversation" time="0.083" /><testcase classname="backend.tests.test_internal_chat.TestSendMessage" name="test_send_message_empty_content" time="0.037" /><testcase classname="backend.tests.test_internal_chat.TestSendMessage" name="test_send_message_without_conversation_or_recipient" time="0.050" /><testcase classname="backend.tests.test_internal_chat.TestStartConversation" name="test_start_conversation_with_existing_user" time="0.048" /><testcase classname="backend.tests.test_internal_chat.TestStartConversation" name="test_start_conversation_with_nonexistent_user" time="0.049" /><testcase classname="backend.tests.test_internal_chat.TestMarkMessageRead" name="test_mark_message_as_read" time="0.094" /><testcase classname="backend.tests.test_internal_chat.TestUnreadCount" name="test_get_unread_count" time="0.043" /><testcase classname="backend.tests.test_internal_chat.TestDirectoryEndpoints" name="test_get_influencers_directory" time="0.045" /><testcase classname="backend.tests.test_internal_chat.TestDirectoryEndpoints" name="test_get_producers_directory" time="0.042" /><testcase classname="backend.tests.test_internal_chat.TestMessageStatusIndicators" name="test_message_status_flow" time="0.120" /></testsuite></testsuites>