<?xml version="1.0" encoding="utf-8"?><testsuites name="pytest tests"><testsuite name="pytest" errors="0" failures="2" skipped="0" tests="12" time="0.637" timestamp="2026-02-12T12:08:55.409028+00:00" hostname="agent-env-270710bd-92d8-4d05-ac37-a63157cedf6a"><testcase classname="backend.tests.test_iteration_59_social_feed.TestSocialFeedEndpoints" name="test_feed_unauthenticated" time="0.098" /><testcase classname="backend.tests.test_iteration_59_social_feed.TestSocialFeedEndpoints" name="test_feed_authenticated" time="0.079" /><testcase classname="backend.tests.test_iteration_59_social_feed.TestSocialFeedEndpoints" name="test_feed_post_structure" time="0.015" /><testcase classname="backend.tests.test_iteration_59_social_feed.TestLikeEndpoint" name="test_like_toggle" time="0.056" /><testcase classname="backend.tests.test_iteration_59_social_feed.TestLikeEndpoint" name="test_like_requires_auth" time="0.033"><failure message="AssertionError: Expected 401, got 200&#10;assert 200 == 401&#10; +  where 200 = &lt;Response [200]&gt;.status_code">backend/tests/test_iteration_59_social_feed.py:148: in test_like_requires_auth
    assert response.status_code == 401, f"Expected 401, got {response.status_code}"
E   AssertionError: Expected 401, got 200
E   assert 200 == 401
E    +  where 200 = &lt;Response [200]&gt;.status_code</failure></testcase><testcase classname="backend.tests.test_iteration_59_social_feed.TestCommentsEndpoint" name="test_get_comments" time="0.025" /><testcase classname="backend.tests.test_iteration_59_social_feed.TestCommentsEndpoint" name="test_add_comment" time="0.051" /><testcase classname="backend.tests.test_iteration_59_social_feed.TestCommentsEndpoint" name="test_add_comment_requires_auth" time="0.028"><failure message="AssertionError: Expected 401, got 200&#10;assert 200 == 401&#10; +  where 200 = &lt;Response [200]&gt;.status_code">backend/tests/test_iteration_59_social_feed.py:222: in test_add_comment_requires_auth
    assert response.status_code == 401, f"Expected 401, got {response.status_code}"
E   AssertionError: Expected 401, got 200
E   assert 200 == 401
E    +  where 200 = &lt;Response [200]&gt;.status_code</failure></testcase><testcase classname="backend.tests.test_iteration_59_social_feed.TestFeedRoleBadges" name="test_posts_have_user_roles" time="0.018" /><testcase classname="backend.tests.test_iteration_59_social_feed.TestDiscoverPageStillWorks" name="test_discover_profiles_endpoint" time="0.022" /><testcase classname="backend.tests.test_iteration_59_social_feed.TestDiscoverPageStillWorks" name="test_discover_with_filters" time="0.085" /><testcase classname="backend.tests.test_iteration_59_social_feed.TestInfluencerDashboardRegression" name="test_influencer_dashboard" time="0.021" /></testsuite></testsuites>