<?xml version="1.0" encoding="utf-8"?><testsuites name="pytest tests"><testsuite name="pytest" errors="0" failures="0" skipped="0" tests="40" time="9.455" timestamp="2026-02-17T00:47:40.960832+00:00" hostname="agent-env-95c9bdab-f202-457e-be21-63cfcd109ff5"><testcase classname="tests.test_iteration_76_comprehensive.TestHealthAndBasic" name="test_health_check" time="0.164" /><testcase classname="tests.test_iteration_76_comprehensive.TestHealthAndBasic" name="test_sitemap" time="0.136" /><testcase classname="tests.test_iteration_76_comprehensive.TestHealthAndBasic" name="test_geo_detect_country" time="0.176" /><testcase classname="tests.test_iteration_76_comprehensive.TestAuth" name="test_login_admin" time="0.370" /><testcase classname="tests.test_iteration_76_comprehensive.TestAuth" name="test_login_producer" time="0.354" /><testcase classname="tests.test_iteration_76_comprehensive.TestAuth" name="test_login_customer" time="0.394" /><testcase classname="tests.test_iteration_76_comprehensive.TestAuth" name="test_login_influencer" time="0.430" /><testcase classname="tests.test_iteration_76_comprehensive.TestAuth" name="test_login_invalid_credentials" time="0.137" /><testcase classname="tests.test_iteration_76_comprehensive.TestAuth" name="test_registration_duplicate_email" time="0.180" /><testcase classname="tests.test_iteration_76_comprehensive.TestConfig" name="test_get_countries" time="0.136" /><testcase classname="tests.test_iteration_76_comprehensive.TestConfig" name="test_get_locale_config" time="0.142" /><testcase classname="tests.test_iteration_76_comprehensive.TestConfig" name="test_exchange_rates" time="0.156" /><testcase classname="tests.test_iteration_76_comprehensive.TestProducts" name="test_get_products" time="0.203" /><testcase classname="tests.test_iteration_76_comprehensive.TestProducts" name="test_get_products_by_seller" time="0.205" /><testcase classname="tests.test_iteration_76_comprehensive.TestProducts" name="test_get_products_by_country" time="0.127" /><testcase classname="tests.test_iteration_76_comprehensive.TestCartAndCheckout" name="test_add_to_cart_unauthenticated" time="0.143" /><testcase classname="tests.test_iteration_76_comprehensive.TestCartAndCheckout" name="test_add_to_cart_authenticated" time="0.823" /><testcase classname="tests.test_iteration_76_comprehensive.TestCartAndCheckout" name="test_buy_now_creates_stripe_session" time="1.220" /><testcase classname="tests.test_iteration_76_comprehensive.TestFeed" name="test_get_feed" time="0.162" /><testcase classname="tests.test_iteration_76_comprehensive.TestFeed" name="test_get_trending_posts" time="0.184" /><testcase classname="tests.test_iteration_76_comprehensive.TestFeed" name="test_get_stories" time="0.185" /><testcase classname="tests.test_iteration_76_comprehensive.TestFeed" name="test_get_best_sellers" time="0.133" /><testcase classname="tests.test_iteration_76_comprehensive.TestTracking" name="test_track_social_event" time="0.161" /><testcase classname="tests.test_iteration_76_comprehensive.TestDiscover" name="test_discover_profiles_all" time="0.130" /><testcase classname="tests.test_iteration_76_comprehensive.TestDiscover" name="test_discover_profiles_producer" time="0.165" /><testcase classname="tests.test_iteration_76_comprehensive.TestDiscover" name="test_discover_profiles_influencer" time="0.143" /><testcase classname="tests.test_iteration_76_comprehensive.TestDiscover" name="test_discover_profiles_customer" time="0.169" /><testcase classname="tests.test_iteration_76_comprehensive.TestSubscriptions" name="test_get_seller_plans" time="0.135" /><testcase classname="tests.test_iteration_76_comprehensive.TestSubscriptions" name="test_get_my_plan_producer" time="0.503" /><testcase classname="tests.test_iteration_76_comprehensive.TestSubscriptions" name="test_get_influencer_tiers" time="0.169" /><testcase classname="tests.test_iteration_76_comprehensive.TestSuperAdmin" name="test_superadmin_overview" time="0.279" /><testcase classname="tests.test_iteration_76_comprehensive.TestSuperAdmin" name="test_superadmin_search" time="0.144" /><testcase classname="tests.test_iteration_76_comprehensive.TestSuperAdmin" name="test_superadmin_audit_log" time="0.142" /><testcase classname="tests.test_iteration_76_comprehensive.TestAdminFinancial" name="test_financial_ledger" time="0.120" /><testcase classname="tests.test_iteration_76_comprehensive.TestAdminFinancial" name="test_market_coverage" time="0.160" /><testcase classname="tests.test_iteration_76_comprehensive.TestAdminFinancial" name="test_commission_audit" time="0.129" /><testcase classname="tests.test_iteration_76_comprehensive.TestCertificates" name="test_auto_generate_certificate" time="0.245" /><testcase classname="tests.test_iteration_76_comprehensive.TestProducer" name="test_producer_payments" time="0.119" /><testcase classname="tests.test_iteration_76_comprehensive.TestProducer" name="test_producer_stats" time="0.122" /><testcase classname="tests.test_iteration_76_comprehensive.TestWebhooks" name="test_stripe_webhook" time="0.137" /></testsuite></testsuites>