<?xml version="1.0" encoding="utf-8"?><testsuites name="pytest tests"><testsuite name="pytest" errors="0" failures="0" skipped="0" tests="12" time="7.266" timestamp="2026-02-18T21:01:40.601720+00:00" hostname="agent-env-a09042d1-1886-4e3b-ae43-3107817dedd7"><testcase classname="tests.test_iteration_90_username.TestUsernameFeature" name="test_01_get_profile_returns_username_field" time="0.579" /><testcase classname="tests.test_iteration_90_username.TestUsernameFeature" name="test_02_update_username_valid" time="0.587" /><testcase classname="tests.test_iteration_90_username.TestUsernameFeature" name="test_03_username_too_short_fails" time="0.456" /><testcase classname="tests.test_iteration_90_username.TestUsernameFeature" name="test_04_username_with_invalid_chars_fails" time="0.951" /><testcase classname="tests.test_iteration_90_username.TestUsernameFeature" name="test_04b_username_spaces_auto_stripped" time="0.529" /><testcase classname="tests.test_iteration_90_username.TestUsernameFeature" name="test_05_username_valid_chars_accepted" time="0.492" /><testcase classname="tests.test_iteration_90_username.TestUsernameFeature" name="test_06_username_at_prefix_auto_stripped" time="0.566" /><testcase classname="tests.test_iteration_90_username.TestUsernameFeature" name="test_07_username_too_long_fails" time="0.492" /><testcase classname="tests.test_iteration_90_username.TestUsernameFeature" name="test_08_username_is_lowercase" time="0.514" /><testcase classname="tests.test_iteration_90_username.TestUsernameUniqueness" name="test_duplicate_username_fails" time="1.032" /><testcase classname="tests.test_iteration_90_username.TestUsernameUniqueness" name="test_same_user_can_keep_own_username" time="0.816" /><testcase classname="tests.test_iteration_90_username.TestRegistrationUsername" name="test_registration_endpoint_accepts_username" time="0.181" /></testsuite></testsuites>