<?xml version="1.0" encoding="utf-8"?><testsuites name="pytest tests"><testsuite name="pytest" errors="0" failures="0" skipped="0" tests="8" time="0.691" timestamp="2026-02-10T21:49:19.576693+00:00" hostname="agent-env-8b85db18-0c7e-4dce-867b-fe276c28fa60"><testcase classname="backend.tests.test_iteration36_features.TestInfluencerDashboardSpanishTexts" name="test_dashboard_loads_successfully" time="0.098" /><testcase classname="backend.tests.test_iteration36_features.TestInfluencerDashboardSpanishTexts" name="test_dashboard_returns_spanish_error_for_non_influencer" time="0.072" /><testcase classname="backend.tests.test_iteration36_features.TestWithdrawalNotificationEndpoint" name="test_check_withdrawal_notification_endpoint_exists" time="0.045" /><testcase classname="backend.tests.test_iteration36_features.TestWithdrawalNotificationEndpoint" name="test_check_withdrawal_notification_requires_auth" time="0.111" /><testcase classname="backend.tests.test_iteration36_features.TestWithdrawalNotificationEndpoint" name="test_influencer_has_balance_above_50" time="0.056" /><testcase classname="backend.tests.test_iteration36_features.TestWithdrawalNotificationLogic" name="test_notification_check_is_idempotent" time="0.129" /><testcase classname="backend.tests.test_iteration36_features.TestInfluencerAPIErrorMessages" name="test_withdrawal_minimum_error_in_spanish" time="0.054" /><testcase classname="backend.tests.test_iteration36_features.TestDashboardFrontendIntegration" name="test_dashboard_and_notification_endpoints_work_together" time="0.060" /></testsuite></testsuites>