<?xml version="1.0" encoding="utf-8"?><testsuites name="pytest tests"><testsuite name="pytest" errors="0" failures="0" skipped="0" tests="10" time="4.027" timestamp="2026-02-18T20:36:19.814378+00:00" hostname="agent-env-7c176151-a071-412a-adca-a2c26981b988"><testcase classname="backend.tests.test_predictions_iteration88.TestPredictions" name="test_predictions_endpoint_returns_200" time="0.549" /><testcase classname="backend.tests.test_predictions_iteration88.TestPredictions" name="test_predictions_has_required_fields" time="0.427" /><testcase classname="backend.tests.test_predictions_iteration88.TestPredictions" name="test_prediction_item_structure" time="0.515" /><testcase classname="backend.tests.test_predictions_iteration88.TestPredictions" name="test_predictions_sorted_by_status" time="0.474" /><testcase classname="backend.tests.test_predictions_iteration88.TestPredictions" name="test_summary_matches_predictions" time="0.470" /><testcase classname="backend.tests.test_predictions_iteration88.TestHealthAndBasics" name="test_health_check" time="0.114" /><testcase classname="backend.tests.test_predictions_iteration88.TestHealthAndBasics" name="test_homepage_accessible" time="0.121" /><testcase classname="backend.tests.test_predictions_iteration88.TestPredictionsForNewUser" name="test_empty_predictions_for_new_user" time="0.431" /><testcase classname="backend.tests.test_predictions_iteration88.TestPredictionsDataIntegrity" name="test_prediction_has_valid_dates" time="0.416" /><testcase classname="backend.tests.test_predictions_iteration88.TestPredictionsDataIntegrity" name="test_prediction_has_interval" time="0.438" /></testsuite></testsuites>