<?xml version="1.0" encoding="utf-8"?><testsuites name="pytest tests"><testsuite name="pytest" errors="0" failures="0" skipped="0" tests="15" time="1.660" timestamp="2026-02-11T08:03:35.155220+00:00" hostname="agent-env-8f307358-93fd-42a5-ab77-4aa508626b3c"><testcase classname="tests.test_iteration39_features.TestRegistrationWithLanguage" name="test_register_with_english_language" time="0.338" /><testcase classname="tests.test_iteration39_features.TestRegistrationWithLanguage" name="test_register_with_korean_language" time="0.213" /><testcase classname="tests.test_iteration39_features.TestRegistrationWithLanguage" name="test_register_with_spanish_language" time="0.250" /><testcase classname="tests.test_iteration39_features.TestRegistrationWithLanguage" name="test_register_with_default_language" time="0.255" /><testcase classname="tests.test_iteration39_features.TestRegistrationWithLanguage" name="test_register_with_unsupported_language" time="0.202" /><testcase classname="tests.test_iteration39_features.TestStoresAPI" name="test_get_all_stores" time="0.045" /><testcase classname="tests.test_iteration39_features.TestStoresAPI" name="test_filter_stores_by_country" time="0.037" /><testcase classname="tests.test_iteration39_features.TestStoresAPI" name="test_filter_stores_by_region" time="0.038" /><testcase classname="tests.test_iteration39_features.TestStoresAPI" name="test_search_stores" time="0.037" /><testcase classname="tests.test_iteration39_features.TestRegionsConfig" name="test_get_regions" time="0.037" /><testcase classname="tests.test_iteration39_features.TestProductsAPI" name="test_get_products_with_ratings" time="0.039" /><testcase classname="tests.test_iteration39_features.TestProductsAPI" name="test_get_products_with_certifications" time="0.038" /><testcase classname="tests.test_iteration39_features.TestProductsAPI" name="test_get_products_with_stock_info" time="0.039" /><testcase classname="tests.test_iteration39_features.TestProductsAPI" name="test_get_products_with_units_sold" time="0.038" /><testcase classname="tests.test_iteration39_features.TestEmailTemplates" name="test_email_templates_exist" time="0.000" /></testsuite></testsuites>