<?xml version="1.0" encoding="utf-8"?><testsuites name="pytest tests"><testsuite name="pytest" errors="0" failures="0" skipped="0" tests="9" time="2.685" timestamp="2026-02-19T17:14:32.321033+00:00" hostname="agent-env-f8b2e84d-b394-41df-a8df-ad0ae8e3248d"><testcase classname="backend.tests.test_iteration_99_badges.TestBadgeAPIs" name="test_get_all_badges" time="0.289" /><testcase classname="backend.tests.test_iteration_99_badges.TestBadgeAPIs" name="test_get_user_badges_existing_user" time="0.134" /><testcase classname="backend.tests.test_iteration_99_badges.TestBadgeAPIs" name="test_user_badges_includes_earned_badges" time="0.145" /><testcase classname="backend.tests.test_iteration_99_badges.TestBadgeAPIs" name="test_get_user_badges_unknown_user" time="0.235" /><testcase classname="backend.tests.test_iteration_99_badges.TestBadgeAPIs" name="test_badge_check_requires_auth" time="0.186" /><testcase classname="backend.tests.test_iteration_99_badges.TestBadgeAPIs" name="test_badge_check_with_session_auth" time="0.525" /><testcase classname="backend.tests.test_iteration_99_badges.TestBadgeAPIs" name="test_badge_check_own_user_only" time="0.557" /><testcase classname="backend.tests.test_iteration_99_badges.TestBadgeAPIs" name="test_badge_categories_are_valid" time="0.393" /><testcase classname="backend.tests.test_iteration_99_badges.TestBadgeAPIs" name="test_badge_thresholds_are_positive" time="0.138" /></testsuite></testsuites>