<?xml version="1.0" encoding="utf-8"?><testsuites name="pytest tests"><testsuite name="pytest" errors="0" failures="0" skipped="0" tests="8" time="3.315" timestamp="2026-02-19T16:46:12.608804+00:00" hostname="agent-env-c07cfef6-ea6a-40c3-9430-d8b33259e899"><testcase classname="tests.test_iteration_97_features.TestQuickReactions" name="test_get_feed_for_post_id" time="0.248" /><testcase classname="tests.test_iteration_97_features.TestQuickReactions" name="test_react_to_post" time="0.839" /><testcase classname="tests.test_iteration_97_features.TestQuickReactions" name="test_get_reactions_for_post" time="0.250" /><testcase classname="tests.test_iteration_97_features.TestWebPush" name="test_get_vapid_key" time="0.158" /><testcase classname="tests.test_iteration_97_features.TestLoginRegression" name="test_login_with_email" time="0.402" /><testcase classname="tests.test_iteration_97_features.TestLoginRegression" name="test_login_with_username_at_prefix" time="0.335" /><testcase classname="tests.test_iteration_97_features.TestInternalChatRegression" name="test_get_conversations" time="0.521" /><testcase classname="tests.test_iteration_97_features.TestInternalChatRegression" name="test_get_unread_count" time="0.505" /></testsuite></testsuites>