<?xml version="1.0" encoding="utf-8"?><testsuites name="pytest tests"><testsuite name="pytest" errors="0" failures="1" skipped="0" tests="28" time="6.842" timestamp="2026-02-19T17:32:16.221081+00:00" hostname="agent-env-f8b2e84d-b394-41df-a8df-ad0ae8e3248d"><testcase classname="backend.tests.test_iteration_100_audit.TestHealthAndBasicAPIs" name="test_health_endpoint" time="0.299" /><testcase classname="backend.tests.test_iteration_100_audit.TestHealthAndBasicAPIs" name="test_categories_endpoint" time="0.201" /><testcase classname="backend.tests.test_iteration_100_audit.TestHealthAndBasicAPIs" name="test_categories_tree_endpoint" time="0.130" /><testcase classname="backend.tests.test_iteration_100_audit.TestRegionsEndpoint" name="test_get_all_regions" time="0.262" /><testcase classname="backend.tests.test_iteration_100_audit.TestRegionsEndpoint" name="test_get_netherlands_regions" time="0.176" /><testcase classname="backend.tests.test_iteration_100_audit.TestRegionsEndpoint" name="test_get_invalid_country_returns_404" time="0.125" /><testcase classname="backend.tests.test_iteration_100_audit.TestProductsPage" name="test_get_products_no_filters" time="0.267" /><testcase classname="backend.tests.test_iteration_100_audit.TestProductsPage" name="test_products_with_category_filter" time="0.248" /><testcase classname="backend.tests.test_iteration_100_audit.TestProductsPage" name="test_products_with_price_filter" time="0.285" /><testcase classname="backend.tests.test_iteration_100_audit.TestProductsPage" name="test_products_with_free_shipping_filter" time="0.197" /><testcase classname="backend.tests.test_iteration_100_audit.TestProductsPage" name="test_products_with_origin_country_filter" time="0.141" /><testcase classname="backend.tests.test_iteration_100_audit.TestStoresPage" name="test_get_stores_list" time="0.149" /><testcase classname="backend.tests.test_iteration_100_audit.TestStoresPage" name="test_stores_with_country_filter" time="0.225" /><testcase classname="backend.tests.test_iteration_100_audit.TestStoresPage" name="test_stores_with_region_filter" time="0.155" /><testcase classname="backend.tests.test_iteration_100_audit.TestAuthentication" name="test_login_with_email" time="0.447" /><testcase classname="backend.tests.test_iteration_100_audit.TestAuthentication" name="test_login_with_username" time="0.180" /><testcase classname="backend.tests.test_iteration_100_audit.TestAuthentication" name="test_producer_login" time="0.398" /><testcase classname="backend.tests.test_iteration_100_audit.TestProducerAPIs" name="test_get_producer_products" time="0.544" /><testcase classname="backend.tests.test_iteration_100_audit.TestCartEndpoint" name="test_cart_returns_200_for_logged_in_user" time="0.583" /><testcase classname="backend.tests.test_iteration_100_audit.TestSocialFeed" name="test_feed_posts_loads" time="0.200"><failure message="AssertionError: Feed posts failed: {&quot;detail&quot;:&quot;Method Not Allowed&quot;}&#10;assert 405 == 200&#10; +  where 405 = &lt;Response [405]&gt;.status_code">backend/tests/test_iteration_100_audit.py:254: in test_feed_posts_loads
    assert response.status_code == 200, f"Feed posts failed: {response.text}"
E   AssertionError: Feed posts failed: {"detail":"Method Not Allowed"}
E   assert 405 == 200
E    +  where 405 = &lt;Response [405]&gt;.status_code</failure></testcase><testcase classname="backend.tests.test_iteration_100_audit.TestRecipesPage" name="test_recipes_loads" time="0.161" /><testcase classname="backend.tests.test_iteration_100_audit.TestRecipesPage" name="test_recipes_with_category_filter" time="0.146" /><testcase classname="backend.tests.test_iteration_100_audit.TestUserProfile" name="test_user_profile_loads" time="0.142" /><testcase classname="backend.tests.test_iteration_100_audit.TestUserProfile" name="test_user_badges_endpoint" time="0.311" /><testcase classname="backend.tests.test_iteration_100_audit.TestBadges" name="test_get_all_badges" time="0.165" /><testcase classname="backend.tests.test_iteration_100_audit.Testi18n" name="test_config_locale_returns_default" time="0.213" /><testcase classname="backend.tests.test_iteration_100_audit.Testi18n" name="test_categories_tree_spanish" time="0.150" /><testcase classname="backend.tests.test_iteration_100_audit.Testi18n" name="test_categories_tree_english" time="0.195" /></testsuite></testsuites>