<?xml version="1.0" encoding="utf-8"?><testsuites name="pytest tests"><testsuite name="pytest" errors="0" failures="0" skipped="0" tests="13" time="2.172" timestamp="2026-02-13T00:40:42.822885+00:00" hostname="agent-env-95c9bdab-f202-457e-be21-63cfcd109ff5"><testcase classname="backend.tests.test_iteration_74_market_coverage.TestAuthentication" name="test_admin_login" time="0.360" /><testcase classname="backend.tests.test_iteration_74_market_coverage.TestAuthentication" name="test_customer_login" time="0.263" /><testcase classname="backend.tests.test_iteration_74_market_coverage.TestFeedWithProductAvailability" name="test_feed_returns_product_available_in_country_field" time="0.048" /><testcase classname="backend.tests.test_iteration_74_market_coverage.TestFeedWithProductAvailability" name="test_feed_with_country_filter" time="0.043" /><testcase classname="backend.tests.test_iteration_74_market_coverage.TestFeedWithProductAvailability" name="test_feed_scoring_penalizes_unavailable" time="0.053" /><testcase classname="backend.tests.test_iteration_74_market_coverage.TestProductsCountryFilter" name="test_products_es_returns_available" time="0.042" /><testcase classname="backend.tests.test_iteration_74_market_coverage.TestProductsCountryFilter" name="test_products_us_returns_olive_oil" time="0.046" /><testcase classname="backend.tests.test_iteration_74_market_coverage.TestAdminMarketCoverage" name="test_market_coverage_requires_auth" time="0.074" /><testcase classname="backend.tests.test_iteration_74_market_coverage.TestAdminMarketCoverage" name="test_market_coverage_returns_3_markets" time="0.274" /><testcase classname="backend.tests.test_iteration_74_market_coverage.TestAdminMarketCoverage" name="test_market_coverage_es_has_23_products" time="0.312" /><testcase classname="backend.tests.test_iteration_74_market_coverage.TestAdminMarketCoverage" name="test_market_coverage_us_de_have_1_product" time="0.271" /><testcase classname="backend.tests.test_iteration_74_market_coverage.TestProducerProductMarkets" name="test_get_product_markets_returns_inventory_array" time="0.271" /><testcase classname="backend.tests.test_iteration_74_market_coverage.TestProducerProductMarkets" name="test_get_product_markets_requires_auth" time="0.035" /></testsuite></testsuites>