<?xml version="1.0" encoding="utf-8"?><testsuites name="pytest tests"><testsuite name="pytest" errors="0" failures="0" skipped="0" tests="28" time="6.355" timestamp="2026-02-18T20:03:16.357060+00:00" hostname="agent-env-7c176151-a071-412a-adca-a2c26981b988"><testcase classname="tests.test_iteration_87_final_modularization.TestPublicEndpoints" name="test_health_check" time="0.312" /><testcase classname="tests.test_iteration_87_final_modularization.TestPublicEndpoints" name="test_get_products" time="0.159" /><testcase classname="tests.test_iteration_87_final_modularization.TestPublicEndpoints" name="test_get_stores" time="0.146" /><testcase classname="tests.test_iteration_87_final_modularization.TestPublicEndpoints" name="test_get_stores_by_country" time="0.126" /><testcase classname="tests.test_iteration_87_final_modularization.TestPublicEndpoints" name="test_config_regions" time="0.136" /><testcase classname="tests.test_iteration_87_final_modularization.TestPublicEndpoints" name="test_feed_stories" time="0.136" /><testcase classname="tests.test_iteration_87_final_modularization.TestPublicEndpoints" name="test_feed_best_sellers" time="0.171" /><testcase classname="tests.test_iteration_87_final_modularization.TestPublicEndpoints" name="test_track_visit" time="0.135" /><testcase classname="tests.test_iteration_87_final_modularization.TestCustomerEndpoints" name="test_customer_orders" time="0.607" /><testcase classname="tests.test_iteration_87_final_modularization.TestCustomerEndpoints" name="test_customer_profile" time="0.110" /><testcase classname="tests.test_iteration_87_final_modularization.TestCustomerEndpoints" name="test_customer_stats" time="0.246" /><testcase classname="tests.test_iteration_87_final_modularization.TestCustomerEndpoints" name="test_customer_addresses" time="0.152" /><testcase classname="tests.test_iteration_87_final_modularization.TestCustomerEndpoints" name="test_ai_profile" time="0.172" /><testcase classname="tests.test_iteration_87_final_modularization.TestCustomerEndpoints" name="test_preferences" time="0.122" /><testcase classname="tests.test_iteration_87_final_modularization.TestAdminEndpoints" name="test_admin_stats" time="0.565" /><testcase classname="tests.test_iteration_87_final_modularization.TestAdminEndpoints" name="test_admin_producers" time="0.142" /><testcase classname="tests.test_iteration_87_final_modularization.TestAdminEndpoints" name="test_admin_products" time="0.129" /><testcase classname="tests.test_iteration_87_final_modularization.TestAdminEndpoints" name="test_admin_discount_codes" time="0.157" /><testcase classname="tests.test_iteration_87_final_modularization.TestAdminEndpoints" name="test_admin_influencers" time="0.206" /><testcase classname="tests.test_iteration_87_final_modularization.TestAdminEndpoints" name="test_admin_analytics" time="0.171" /><testcase classname="tests.test_iteration_87_final_modularization.TestSuperAdminEndpoints" name="test_superadmin_overview" time="0.477" /><testcase classname="tests.test_iteration_87_final_modularization.TestSuperAdminEndpoints" name="test_super_admin_stats" time="0.154" /><testcase classname="tests.test_iteration_87_final_modularization.TestProducerEndpoints" name="test_producer_products" time="0.568" /><testcase classname="tests.test_iteration_87_final_modularization.TestProducerEndpoints" name="test_producer_orders" time="0.177" /><testcase classname="tests.test_iteration_87_final_modularization.TestProducerEndpoints" name="test_producer_stats" time="0.161" /><testcase classname="tests.test_iteration_87_final_modularization.TestProducerEndpoints" name="test_producer_health_score" time="0.126" /><testcase classname="tests.test_iteration_87_final_modularization.TestCertificates" name="test_product_certificates" time="0.320" /><testcase classname="tests.test_iteration_87_final_modularization.TestHomepage" name="test_homepage_loads" time="0.181" /></testsuite></testsuites>