<?xml version="1.0" encoding="utf-8"?><testsuites name="pytest tests"><testsuite name="pytest" errors="0" failures="0" skipped="0" tests="14" time="1.634" timestamp="2026-02-12T23:01:30.651132+00:00" hostname="agent-env-95c9bdab-f202-457e-be21-63cfcd109ff5"><testcase classname="backend.tests.test_iteration_67_financial_dashboard.TestFinancialDashboardAPIs" name="test_financial_ledger_admin_access" time="0.400" /><testcase classname="backend.tests.test_iteration_67_financial_dashboard.TestFinancialDashboardAPIs" name="test_financial_ledger_customer_forbidden" time="0.294" /><testcase classname="backend.tests.test_iteration_67_financial_dashboard.TestFinancialDashboardAPIs" name="test_financial_ledger_unauthenticated" time="0.040" /><testcase classname="backend.tests.test_iteration_67_financial_dashboard.TestFinancialDashboardAPIs" name="test_financial_ledger_entry_structure" time="0.035" /><testcase classname="backend.tests.test_iteration_67_financial_dashboard.TestFinancialDashboardAPIs" name="test_excel_export_admin_access" time="0.417" /><testcase classname="backend.tests.test_iteration_67_financial_dashboard.TestFinancialDashboardAPIs" name="test_excel_export_customer_forbidden" time="0.039" /><testcase classname="backend.tests.test_iteration_67_financial_dashboard.TestFinancialDashboardAPIs" name="test_scheduled_payouts_admin_access" time="0.041" /><testcase classname="backend.tests.test_iteration_67_financial_dashboard.TestFinancialDashboardAPIs" name="test_scheduled_payouts_customer_forbidden" time="0.035" /><testcase classname="backend.tests.test_iteration_67_financial_dashboard.TestFinancialDashboardAPIs" name="test_process_payouts_admin_access" time="0.077" /><testcase classname="backend.tests.test_iteration_67_financial_dashboard.TestFinancialDashboardAPIs" name="test_process_payouts_customer_forbidden" time="0.040" /><testcase classname="backend.tests.test_iteration_67_financial_dashboard.TestFinancialDashboardAPIs" name="test_refund_invalid_order" time="0.034" /><testcase classname="backend.tests.test_iteration_67_financial_dashboard.TestFinancialDashboardAPIs" name="test_refund_customer_forbidden" time="0.041" /><testcase classname="backend.tests.test_iteration_67_financial_dashboard.TestFinancialDashboardAPIs" name="test_financial_ledger_filter_by_event_type" time="0.032" /><testcase classname="backend.tests.test_iteration_67_financial_dashboard.TestFinancialDashboardAPIs" name="test_financial_ledger_filter_by_date_range" time="0.047" /></testsuite></testsuites>