<?xml version="1.0" encoding="utf-8"?><testsuites name="pytest tests"><testsuite name="pytest" errors="0" failures="0" skipped="0" tests="10" time="2.526" timestamp="2026-02-18T19:30:01.229966+00:00" hostname="agent-env-7c176151-a071-412a-adca-a2c26981b988"><testcase classname="tests.test_iteration_84_stores_regions.TestConfigRegions" name="test_regions_endpoint_returns_16_countries" time="0.262" /><testcase classname="tests.test_iteration_84_stores_regions.TestConfigRegions" name="test_regions_spain_has_regions" time="0.338" /><testcase classname="tests.test_iteration_84_stores_regions.TestConfigRegions" name="test_regions_have_correct_structure" time="0.154" /><testcase classname="tests.test_iteration_84_stores_regions.TestStoresFiltering" name="test_stores_returns_all_stores" time="0.194" /><testcase classname="tests.test_iteration_84_stores_regions.TestStoresFiltering" name="test_stores_filter_by_country_spain" time="0.182" /><testcase classname="tests.test_iteration_84_stores_regions.TestStoresFiltering" name="test_stores_filter_by_country_and_region_andalucia" time="0.442" /><testcase classname="tests.test_iteration_84_stores_regions.TestStoresFiltering" name="test_stores_filter_by_country_and_region_cataluna" time="0.164" /><testcase classname="tests.test_iteration_84_stores_regions.TestStoresFiltering" name="test_stores_have_country_and_region_fields" time="0.215" /><testcase classname="tests.test_iteration_84_stores_regions.TestStoresFiltering" name="test_stores_filter_empty_result" time="0.286" /><testcase classname="tests.test_iteration_84_stores_regions.TestStoreDetail" name="test_get_store_by_slug" time="0.215" /></testsuite></testsuites>