<?xml version="1.0" encoding="utf-8"?><testsuites name="pytest tests"><testsuite name="pytest" errors="0" failures="0" skipped="0" tests="14" time="3.655" timestamp="2026-02-18T18:10:42.699990+00:00" hostname="agent-env-aed7a875-2ca5-46ea-99f9-f3bfea0e4864"><testcase classname="backend.tests.test_iteration_81_feature_locking_recipes.TestHealthCheck" name="test_api_health" time="0.236" /><testcase classname="backend.tests.test_iteration_81_feature_locking_recipes.TestSellerPlansAPI" name="test_get_public_plans" time="0.198" /><testcase classname="backend.tests.test_iteration_81_feature_locking_recipes.TestSellerPlansAPI" name="test_get_my_plan_authenticated" time="0.435" /><testcase classname="backend.tests.test_iteration_81_feature_locking_recipes.TestSellerPlansAPI" name="test_get_my_plan_unauthenticated" time="0.165" /><testcase classname="backend.tests.test_iteration_81_feature_locking_recipes.TestRecipesAPI" name="test_get_recipes_list" time="0.113" /><testcase classname="backend.tests.test_iteration_81_feature_locking_recipes.TestRecipesAPI" name="test_create_recipe" time="0.405" /><testcase classname="backend.tests.test_iteration_81_feature_locking_recipes.TestRecipesAPI" name="test_get_recipe_by_id" time="0.192" /><testcase classname="backend.tests.test_iteration_81_feature_locking_recipes.TestRecipesAPI" name="test_get_nonexistent_recipe" time="0.110" /><testcase classname="backend.tests.test_iteration_81_feature_locking_recipes.TestRecipesAPI" name="test_recipe_search" time="0.136" /><testcase classname="backend.tests.test_iteration_81_feature_locking_recipes.TestRecipesAPI" name="test_recipe_filter_by_difficulty" time="0.190" /><testcase classname="backend.tests.test_iteration_81_feature_locking_recipes.TestRecipesAPI" name="test_create_recipe_unauthenticated" time="0.148" /><testcase classname="backend.tests.test_iteration_81_feature_locking_recipes.TestRecipeShoppingList" name="test_shopping_list_requires_auth" time="0.717" /><testcase classname="backend.tests.test_iteration_81_feature_locking_recipes.TestRecipeShoppingList" name="test_shopping_list_authenticated" time="0.403" /><testcase classname="backend.tests.test_iteration_81_feature_locking_recipes.TestInfluencerTiers" name="test_get_influencer_tiers" time="0.128" /></testsuite></testsuites>