<?xml version="1.0" encoding="utf-8"?><testsuites name="pytest tests"><testsuite name="pytest" errors="0" failures="0" skipped="0" tests="13" time="0.842" timestamp="2026-02-10T20:50:05.313651+00:00" hostname="agent-env-4fd33191-f729-48c2-bf4e-b276777eecbe"><testcase classname="backend.tests.test_iteration33_features.TestInfluencerAnalytics" name="test_analytics_endpoint_requires_auth" time="0.078" /><testcase classname="backend.tests.test_iteration33_features.TestInfluencerAnalytics" name="test_analytics_endpoint_returns_chart_data" time="0.494" /><testcase classname="backend.tests.test_iteration33_features.TestInfluencerAnalytics" name="test_analytics_endpoint_with_different_periods" time="0.122" /><testcase classname="backend.tests.test_iteration33_features.TestActiveInfluencerAnalytics" name="test_active_influencer_analytics" time="0.081" /><testcase classname="backend.tests.test_iteration33_features.TestLocaleTranslations" name="test_spanish_locale_has_cart_translations" time="0.000" /><testcase classname="backend.tests.test_iteration33_features.TestLocaleTranslations" name="test_english_locale_has_cart_translations" time="0.000" /><testcase classname="backend.tests.test_iteration33_features.TestCartPageI18n" name="test_cartpage_uses_translation_keys" time="0.000" /><testcase classname="backend.tests.test_iteration33_features.TestInfluencerDashboardAnalytics" name="test_dashboard_imports_analytics_component" time="0.000" /><testcase classname="backend.tests.test_iteration33_features.TestInfluencerDashboardAnalytics" name="test_analytics_shown_when_active_with_code" time="0.000" /><testcase classname="backend.tests.test_iteration33_features.TestInfluencerAnalyticsComponent" name="test_analytics_component_exists" time="0.000" /><testcase classname="backend.tests.test_iteration33_features.TestInfluencerAnalyticsComponent" name="test_analytics_component_has_testid" time="0.000" /><testcase classname="backend.tests.test_iteration33_features.TestInfluencerAnalyticsComponent" name="test_analytics_component_calls_api" time="0.000" /><testcase classname="backend.tests.test_iteration33_features.TestInfluencerAnalyticsComponent" name="test_analytics_component_displays_stats" time="0.000" /></testsuite></testsuites>