<?xml version="1.0" encoding="utf-8"?><testsuites name="pytest tests"><testsuite name="pytest" errors="0" failures="0" skipped="0" tests="9" time="0.864" timestamp="2026-02-12T12:30:38.600636+00:00" hostname="agent-env-270710bd-92d8-4d05-ac37-a63157cedf6a"><testcase classname="backend.tests.test_iteration_60_homepage_redesign.TestPostCreation" name="test_create_text_only_post" time="0.124" /><testcase classname="backend.tests.test_iteration_60_homepage_redesign.TestPostCreation" name="test_create_post_with_image" time="0.070" /><testcase classname="backend.tests.test_iteration_60_homepage_redesign.TestPostCreation" name="test_create_post_fails_without_content" time="0.053" /><testcase classname="backend.tests.test_iteration_60_homepage_redesign.TestPostCreation" name="test_create_post_with_whitespace_only_fails" time="0.052" /><testcase classname="backend.tests.test_iteration_60_homepage_redesign.TestFeedWithTextOnlyPosts" name="test_feed_returns_text_only_posts" time="0.050" /><testcase classname="backend.tests.test_iteration_60_homepage_redesign.TestPostInteractions" name="test_like_toggle" time="0.174" /><testcase classname="backend.tests.test_iteration_60_homepage_redesign.TestPostInteractions" name="test_add_comment" time="0.060" /><testcase classname="backend.tests.test_iteration_60_homepage_redesign.TestProducerPostCreation" name="test_producer_can_create_text_post" time="0.099" /><testcase classname="backend.tests.test_iteration_60_homepage_redesign.TestInfluencerDashboard" name="test_influencer_dashboard_loads" time="0.104" /></testsuite></testsuites>