<?xml version="1.0" encoding="utf-8"?><testsuites name="pytest tests"><testsuite name="pytest" errors="0" failures="1" skipped="0" tests="12" time="3.860" timestamp="2026-02-19T16:52:44.453276+00:00" hostname="agent-env-c07cfef6-ea6a-40c3-9430-d8b33259e899"><testcase classname="backend.tests.test_iteration_98_comments_stories.TestCommentsAndReactions" name="test_edit_comment_success" time="0.883" /><testcase classname="backend.tests.test_iteration_98_comments_stories.TestCommentsAndReactions" name="test_edit_comment_empty_text_fails" time="0.065" /><testcase classname="backend.tests.test_iteration_98_comments_stories.TestCommentsAndReactions" name="test_edit_nonexistent_comment" time="0.110" /><testcase classname="backend.tests.test_iteration_98_comments_stories.TestCommentsAndReactions" name="test_delete_comment_requires_auth" time="0.141" /><testcase classname="backend.tests.test_iteration_98_comments_stories.TestCommentsAndReactions" name="test_delete_nonexistent_comment" time="0.074" /><testcase classname="backend.tests.test_iteration_98_comments_stories.TestCommentsAndReactions" name="test_delete_comment_success" time="0.257" /><testcase classname="backend.tests.test_iteration_98_comments_stories.TestCommentsAndReactions" name="test_quick_reaction_clap" time="0.085" /><testcase classname="backend.tests.test_iteration_98_comments_stories.TestCommentsAndReactions" name="test_quick_reaction_fire" time="0.057" /><testcase classname="backend.tests.test_iteration_98_comments_stories.TestCommentsAndReactions" name="test_quick_reaction_invalid_emoji" time="0.078" /><testcase classname="backend.tests.test_iteration_98_comments_stories.TestCommentsAndReactions" name="test_get_post_reactions" time="0.080" /><testcase classname="backend.tests.test_iteration_98_comments_stories.TestCommentFullFlow" name="test_comment_crud_flow" time="1.371" /><testcase classname="backend.tests.test_iteration_98_comments_stories.TestCustomerDashboardQuickActions" name="test_customer_dashboard_loads" time="0.436"><failure message="AssertionError: Dashboard failed: 404 - {&quot;detail&quot;:&quot;Not Found&quot;}&#10;assert 404 == 200&#10; +  where 404 = &lt;Response [404]&gt;.status_code">backend/tests/test_iteration_98_comments_stories.py:314: in test_customer_dashboard_loads
    assert dash_resp.status_code == 200, f"Dashboard failed: {dash_resp.status_code} - {dash_resp.text}"
E   AssertionError: Dashboard failed: 404 - {"detail":"Not Found"}
E   assert 404 == 200
E    +  where 404 = &lt;Response [404]&gt;.status_code</failure></testcase></testsuite></testsuites>