<?xml version="1.0" encoding="utf-8"?><testsuites name="pytest tests"><testsuite name="pytest" errors="0" failures="0" skipped="0" tests="14" time="3.976" timestamp="2026-02-18T20:52:09.298882+00:00" hostname="agent-env-a09042d1-1886-4e3b-ae43-3107817dedd7"><testcase classname="backend.tests.test_iteration_89_predict_notifications.TestNotificationCRUDEndpoints" name="test_get_user_notifications_returns_200" time="0.658" /><testcase classname="backend.tests.test_iteration_89_predict_notifications.TestNotificationCRUDEndpoints" name="test_get_notifications_with_limit" time="0.062" /><testcase classname="backend.tests.test_iteration_89_predict_notifications.TestNotificationCRUDEndpoints" name="test_mark_notification_read_endpoint_exists" time="0.224" /><testcase classname="backend.tests.test_iteration_89_predict_notifications.TestNotificationCRUDEndpoints" name="test_mark_all_notifications_read" time="0.127" /><testcase classname="backend.tests.test_iteration_89_predict_notifications.TestNotificationCRUDEndpoints" name="test_notifications_require_authentication" time="0.129" /><testcase classname="backend.tests.test_iteration_89_predict_notifications.TestPredictNotificationsCronEndpoint" name="test_cron_endpoint_requires_admin_role" time="0.450" /><testcase classname="backend.tests.test_iteration_89_predict_notifications.TestPredictNotificationsCronEndpoint" name="test_cron_endpoint_requires_authentication" time="0.159" /><testcase classname="backend.tests.test_iteration_89_predict_notifications.TestPredictNotificationsCronEndpoint" name="test_cron_endpoint_returns_200_for_admin" time="0.448" /><testcase classname="backend.tests.test_iteration_89_predict_notifications.TestPredictNotificationsCronEndpoint" name="test_cron_skips_recently_notified_users" time="0.123" /><testcase classname="backend.tests.test_iteration_89_predict_notifications.TestPredictOverdueNotificationContent" name="test_predict_overdue_notification_has_correct_type" time="0.427" /><testcase classname="backend.tests.test_iteration_89_predict_notifications.TestPredictOverdueNotificationContent" name="test_notification_has_created_at_timestamp" time="0.097" /><testcase classname="backend.tests.test_iteration_89_predict_notifications.TestHealthAndPrerequisites" name="test_api_health" time="0.118" /><testcase classname="backend.tests.test_iteration_89_predict_notifications.TestHealthAndPrerequisites" name="test_admin_login_works" time="0.355" /><testcase classname="backend.tests.test_iteration_89_predict_notifications.TestHealthAndPrerequisites" name="test_customer_login_works" time="0.516" /></testsuite></testsuites>