<?xml version="1.0" encoding="utf-8"?><testsuites name="pytest tests"><testsuite name="pytest" errors="0" failures="0" skipped="0" tests="15" time="2.685" timestamp="2026-02-12T22:12:14.499002+00:00" hostname="agent-env-95c9bdab-f202-457e-be21-63cfcd109ff5"><testcase classname="backend.tests.test_iteration_64_producer_payments.TestProducerPaymentsEndpoint" name="test_producer_payments_returns_200" time="0.342" /><testcase classname="backend.tests.test_iteration_64_producer_payments.TestProducerPaymentsEndpoint" name="test_producer_payments_has_required_fields" time="0.066" /><testcase classname="backend.tests.test_iteration_64_producer_payments.TestProducerPaymentsEndpoint" name="test_producer_payments_earnings_calculation" time="0.042" /><testcase classname="backend.tests.test_iteration_64_producer_payments.TestProducerPaymentsEndpoint" name="test_producer_payments_recent_orders_structure" time="0.082" /><testcase classname="backend.tests.test_iteration_64_producer_payments.TestProducerPaymentsEndpoint" name="test_producer_payments_monthly_summary_structure" time="0.036" /><testcase classname="backend.tests.test_iteration_64_producer_payments.TestProducerPaymentsEndpoint" name="test_producer_payments_unauthenticated_fails" time="0.033" /><testcase classname="backend.tests.test_iteration_64_producer_payments.TestProducerPaymentsEndpoint" name="test_producer_payments_customer_role_fails" time="0.302" /><testcase classname="backend.tests.test_iteration_64_producer_payments.TestProducerStatsEndpoint" name="test_producer_stats_returns_200" time="0.037" /><testcase classname="backend.tests.test_iteration_64_producer_payments.TestProducerStatsEndpoint" name="test_producer_stats_has_required_fields" time="0.080" /><testcase classname="backend.tests.test_iteration_64_producer_payments.TestBuyNowVariantPackFix" name="test_buy_now_simple_product" time="0.549" /><testcase classname="backend.tests.test_iteration_64_producer_payments.TestBuyNowVariantPackFix" name="test_buy_now_with_variant_and_pack" time="0.417" /><testcase classname="backend.tests.test_iteration_64_producer_payments.TestBuyNowVariantPackFix" name="test_buy_now_with_only_variant" time="0.455" /><testcase classname="backend.tests.test_iteration_64_producer_payments.TestBuyNowVariantPackFix" name="test_buy_now_invalid_variant_fails" time="0.044" /><testcase classname="backend.tests.test_iteration_64_producer_payments.TestBuyNowVariantPackFix" name="test_buy_now_invalid_pack_fails" time="0.047" /><testcase classname="backend.tests.test_iteration_64_producer_payments.TestProducerStripeStatus" name="test_stripe_status_endpoint" time="0.077" /></testsuite></testsuites>