<?xml version="1.0" encoding="utf-8"?><testsuites name="pytest tests"><testsuite name="pytest" errors="0" failures="0" skipped="0" tests="26" time="6.728" timestamp="2026-02-18T19:53:02.439386+00:00" hostname="agent-env-7c176151-a071-412a-adca-a2c26981b988"><testcase classname="backend.tests.test_iteration_86_orders_producer_modular.TestHealthAndBasicEndpoints" name="test_health_endpoint" time="0.185" /><testcase classname="backend.tests.test_iteration_86_orders_producer_modular.TestHealthAndBasicEndpoints" name="test_products_list" time="0.141" /><testcase classname="backend.tests.test_iteration_86_orders_producer_modular.TestHealthAndBasicEndpoints" name="test_stores_list" time="0.131" /><testcase classname="backend.tests.test_iteration_86_orders_producer_modular.TestProducerRoutes" name="test_producer_products" time="0.784" /><testcase classname="backend.tests.test_iteration_86_orders_producer_modular.TestProducerRoutes" name="test_producer_certificates" time="0.127" /><testcase classname="backend.tests.test_iteration_86_orders_producer_modular.TestProducerRoutes" name="test_producer_orders" time="0.131" /><testcase classname="backend.tests.test_iteration_86_orders_producer_modular.TestProducerRoutes" name="test_producer_profile" time="0.180" /><testcase classname="backend.tests.test_iteration_86_orders_producer_modular.TestProducerRoutes" name="test_producer_stats" time="0.212" /><testcase classname="backend.tests.test_iteration_86_orders_producer_modular.TestProducerRoutes" name="test_producer_health_score" time="0.117" /><testcase classname="backend.tests.test_iteration_86_orders_producer_modular.TestProducerRoutes" name="test_producer_payments" time="0.123" /><testcase classname="backend.tests.test_iteration_86_orders_producer_modular.TestProducerRoutes" name="test_producer_follower_stats" time="0.115" /><testcase classname="backend.tests.test_iteration_86_orders_producer_modular.TestCustomerRoutes" name="test_customer_orders" time="0.530" /><testcase classname="backend.tests.test_iteration_86_orders_producer_modular.TestCustomerRoutes" name="test_customer_profile" time="0.381" /><testcase classname="backend.tests.test_iteration_86_orders_producer_modular.TestCustomerRoutes" name="test_customer_stats" time="0.139" /><testcase classname="backend.tests.test_iteration_86_orders_producer_modular.TestCustomerRoutes" name="test_customer_addresses" time="0.103" /><testcase classname="backend.tests.test_iteration_86_orders_producer_modular.TestAdminRoutes" name="test_admin_discount_codes" time="0.480" /><testcase classname="backend.tests.test_iteration_86_orders_producer_modular.TestAdminRoutes" name="test_admin_influencers" time="0.104" /><testcase classname="backend.tests.test_iteration_86_orders_producer_modular.TestAdminRoutes" name="test_admin_producers" time="0.134" /><testcase classname="backend.tests.test_iteration_86_orders_producer_modular.TestAdminRoutes" name="test_admin_stats" time="0.135" /><testcase classname="backend.tests.test_iteration_86_orders_producer_modular.TestAdminRoutes" name="test_admin_analytics" time="0.110" /><testcase classname="backend.tests.test_iteration_86_orders_producer_modular.TestSuperAdminRoutes" name="test_super_admin_stats" time="0.476" /><testcase classname="backend.tests.test_iteration_86_orders_producer_modular.TestSuperAdminRoutes" name="test_superadmin_overview" time="0.134" /><testcase classname="backend.tests.test_iteration_86_orders_producer_modular.TestOrdersEndpoints" name="test_orders_list_endpoint_exists" time="0.574" /><testcase classname="backend.tests.test_iteration_86_orders_producer_modular.TestAuthenticationFlow" name="test_super_admin_login" time="0.341" /><testcase classname="backend.tests.test_iteration_86_orders_producer_modular.TestAuthenticationFlow" name="test_seller_login" time="0.368" /><testcase classname="backend.tests.test_iteration_86_orders_producer_modular.TestAuthenticationFlow" name="test_customer_login" time="0.402" /></testsuite></testsuites>