<?xml version="1.0" encoding="utf-8"?><testsuites name="pytest tests"><testsuite name="pytest" errors="0" failures="0" skipped="0" tests="23" time="3.446" timestamp="2026-02-12T23:08:42.697546+00:00" hostname="agent-env-95c9bdab-f202-457e-be21-63cfcd109ff5"><testcase classname="backend.tests.test_iteration_68_config_routes.TestAuthentication" name="test_admin_login" time="0.385" /><testcase classname="backend.tests.test_iteration_68_config_routes.TestAuthentication" name="test_customer_login" time="0.260" /><testcase classname="backend.tests.test_iteration_68_config_routes.TestConfigCountries" name="test_get_countries_returns_18" time="0.034" /><testcase classname="backend.tests.test_iteration_68_config_routes.TestConfigLanguages" name="test_get_languages" time="0.039" /><testcase classname="backend.tests.test_iteration_68_config_routes.TestConfigCurrencies" name="test_get_currencies" time="0.036" /><testcase classname="backend.tests.test_iteration_68_config_routes.TestConfigLocale" name="test_get_full_locale_config" time="0.037" /><testcase classname="backend.tests.test_iteration_68_config_routes.TestConfigRegions" name="test_get_all_regions" time="0.031" /><testcase classname="backend.tests.test_iteration_68_config_routes.TestConfigRegions" name="test_get_spain_regions_has_19" time="0.032" /><testcase classname="backend.tests.test_iteration_68_config_routes.TestConfigRegions" name="test_get_us_regions" time="0.033" /><testcase classname="backend.tests.test_iteration_68_config_routes.TestConfigRegions" name="test_get_invalid_country_returns_404" time="0.032" /><testcase classname="backend.tests.test_iteration_68_config_routes.TestConfigRegions" name="test_case_insensitive_country_code" time="0.030" /><testcase classname="backend.tests.test_iteration_68_config_routes.TestExchangeRates" name="test_get_exchange_rates" time="0.154" /><testcase classname="backend.tests.test_iteration_68_config_routes.TestCategories" name="test_get_categories" time="0.041" /><testcase classname="backend.tests.test_iteration_68_config_routes.TestCategories" name="test_create_category_requires_admin" time="0.289" /><testcase classname="backend.tests.test_iteration_68_config_routes.TestCategories" name="test_create_category_as_admin" time="0.329" /><testcase classname="backend.tests.test_iteration_68_config_routes.TestUserLocale" name="test_get_user_locale_unauthenticated_fails" time="0.030" /><testcase classname="backend.tests.test_iteration_68_config_routes.TestUserLocale" name="test_get_user_locale_authenticated" time="0.286" /><testcase classname="backend.tests.test_iteration_68_config_routes.TestUserLocale" name="test_update_user_locale" time="0.358" /><testcase classname="backend.tests.test_iteration_68_config_routes.TestUserAddress" name="test_get_user_address_unauthenticated_fails" time="0.037" /><testcase classname="backend.tests.test_iteration_68_config_routes.TestUserAddress" name="test_get_user_address_authenticated" time="0.329" /><testcase classname="backend.tests.test_iteration_68_config_routes.TestUserAddress" name="test_update_user_address" time="0.290" /><testcase classname="backend.tests.test_iteration_68_config_routes.TestProductsStillWork" name="test_get_products" time="0.035" /><testcase classname="backend.tests.test_iteration_68_config_routes.TestAuthStillWorks" name="test_auth_login" time="0.262" /></testsuite></testsuites>