<?xml version="1.0" encoding="utf-8"?><testsuites name="pytest tests"><testsuite name="pytest" errors="0" failures="0" skipped="0" tests="14" time="2.971" timestamp="2026-02-13T00:33:27.862500+00:00" hostname="agent-env-95c9bdab-f202-457e-be21-63cfcd109ff5"><testcase classname="backend.tests.test_iteration_73_multimarket.TestProductsCountryFiltering" name="test_products_es_all_available" time="0.096" /><testcase classname="backend.tests.test_iteration_73_multimarket.TestProductsCountryFiltering" name="test_products_us_limited_availability" time="0.043" /><testcase classname="backend.tests.test_iteration_73_multimarket.TestProductsCountryFiltering" name="test_products_kr_availability" time="0.039" /><testcase classname="backend.tests.test_iteration_73_multimarket.TestGeoDetection" name="test_geo_detect_returns_country" time="0.044" /><testcase classname="backend.tests.test_iteration_73_multimarket.TestAdminMarketCoverage" name="test_market_coverage_requires_auth" time="0.038" /><testcase classname="backend.tests.test_iteration_73_multimarket.TestAdminMarketCoverage" name="test_market_coverage_as_admin" time="0.347" /><testcase classname="backend.tests.test_iteration_73_multimarket.TestProducerMarketManagement" name="test_get_product_markets_as_producer" time="0.295" /><testcase classname="backend.tests.test_iteration_73_multimarket.TestProducerMarketManagement" name="test_update_markets_sla_validation" time="0.286" /><testcase classname="backend.tests.test_iteration_73_multimarket.TestProducerMarketManagement" name="test_update_markets_zero_stock_validation" time="0.322" /><testcase classname="backend.tests.test_iteration_73_multimarket.TestCartAddMultiMarket" name="test_cart_add_available_product" time="0.371" /><testcase classname="backend.tests.test_iteration_73_multimarket.TestCartAddMultiMarket" name="test_cart_add_unavailable_product_blocked" time="0.338" /><testcase classname="backend.tests.test_iteration_73_multimarket.TestCartAddMultiMarket" name="test_cart_add_us_user_es_only_product" time="0.376" /><testcase classname="backend.tests.test_iteration_73_multimarket.TestCoreFunctionality" name="test_auth_login" time="0.257" /><testcase classname="backend.tests.test_iteration_73_multimarket.TestCoreFunctionality" name="test_feed_endpoint" time="0.042" /></testsuite></testsuites>