<?xml version="1.0" encoding="utf-8"?><testsuites name="pytest tests"><testsuite name="pytest" errors="0" failures="0" skipped="3" tests="13" time="0.655" timestamp="2026-02-12T11:58:16.701245+00:00" hostname="agent-env-270710bd-92d8-4d05-ac37-a63157cedf6a"><testcase classname="backend.tests.test_iteration_58_discover.TestDiscoverProfiles" name="test_get_all_profiles" time="0.086" /><testcase classname="backend.tests.test_iteration_58_discover.TestDiscoverProfiles" name="test_filter_by_influencer_role" time="0.016" /><testcase classname="backend.tests.test_iteration_58_discover.TestDiscoverProfiles" name="test_filter_by_producer_role" time="0.059" /><testcase classname="backend.tests.test_iteration_58_discover.TestDiscoverProfiles" name="test_filter_by_customer_role" time="0.016" /><testcase classname="backend.tests.test_iteration_58_discover.TestDiscoverProfiles" name="test_search_by_name" time="0.020" /><testcase classname="backend.tests.test_iteration_58_discover.TestDiscoverProfiles" name="test_profile_structure" time="0.015" /><testcase classname="backend.tests.test_iteration_58_discover.TestUserFollow" name="test_follow_user" time="0.134"><skipped type="pytest.skip" message="Cannot get producer user info">/app/backend/tests/test_iteration_58_discover.py:158: Cannot get producer user info</skipped></testcase><testcase classname="backend.tests.test_iteration_58_discover.TestUserFollow" name="test_unfollow_user" time="0.013"><skipped type="pytest.skip" message="Cannot get producer user info">/app/backend/tests/test_iteration_58_discover.py:177: Cannot get producer user info</skipped></testcase><testcase classname="backend.tests.test_iteration_58_discover.TestUserProfile" name="test_update_profile_bio" time="0.012" /><testcase classname="backend.tests.test_iteration_58_discover.TestUserProfile" name="test_upload_avatar" time="0.086" /><testcase classname="backend.tests.test_iteration_58_discover.TestPosts" name="test_create_post" time="0.045" /><testcase classname="backend.tests.test_iteration_58_discover.TestPosts" name="test_get_user_posts" time="0.011"><skipped type="pytest.skip" message="Cannot get user info">/app/backend/tests/test_iteration_58_discover.py:272: Cannot get user info</skipped></testcase><testcase classname="backend.tests.test_iteration_58_discover.TestInfluencerDashboard" name="test_influencer_dashboard_loads" time="0.051" /></testsuite></testsuites>