<?xml version="1.0" encoding="utf-8"?><testsuites name="pytest tests"><testsuite name="pytest" errors="0" failures="0" skipped="0" tests="21" time="5.769" timestamp="2026-02-12T22:42:15.303235+00:00" hostname="agent-env-95c9bdab-f202-457e-be21-63cfcd109ff5"><testcase classname="backend.tests.test_iteration_65_payment_migration.TestAuthBasics" name="test_admin_login" time="0.354" /><testcase classname="backend.tests.test_iteration_65_payment_migration.TestAuthBasics" name="test_producer_login" time="0.255" /><testcase classname="backend.tests.test_iteration_65_payment_migration.TestAuthBasics" name="test_customer_login" time="0.256" /><testcase classname="backend.tests.test_iteration_65_payment_migration.TestProductsListing" name="test_get_products_public" time="0.035" /><testcase classname="backend.tests.test_iteration_65_payment_migration.TestWebhookEndpoint" name="test_webhook_accepts_checkout_session_completed" time="0.036" /><testcase classname="backend.tests.test_iteration_65_payment_migration.TestWebhookEndpoint" name="test_webhook_ignores_other_events" time="0.034" /><testcase classname="backend.tests.test_iteration_65_payment_migration.TestAdminPayoutEndpoints" name="test_get_scheduled_payouts_admin" time="0.294" /><testcase classname="backend.tests.test_iteration_65_payment_migration.TestAdminPayoutEndpoints" name="test_process_influencer_payouts_admin" time="0.292" /><testcase classname="backend.tests.test_iteration_65_payment_migration.TestRoleBasedAccess" name="test_customer_cannot_access_scheduled_payouts" time="0.288" /><testcase classname="backend.tests.test_iteration_65_payment_migration.TestRoleBasedAccess" name="test_customer_cannot_process_influencer_payouts" time="0.290" /><testcase classname="backend.tests.test_iteration_65_payment_migration.TestRoleBasedAccess" name="test_producer_cannot_access_scheduled_payouts" time="0.299" /><testcase classname="backend.tests.test_iteration_65_payment_migration.TestProducerPaymentsDashboard" name="test_producer_payments_endpoint" time="0.291" /><testcase classname="backend.tests.test_iteration_65_payment_migration.TestProducerPaymentsDashboard" name="test_customer_cannot_access_producer_payments" time="0.293" /><testcase classname="backend.tests.test_iteration_65_payment_migration.TestCheckoutStatusEndpoint" name="test_checkout_status_invalid_session" time="0.544" /><testcase classname="backend.tests.test_iteration_65_payment_migration.TestCheckoutStatusEndpoint" name="test_checkout_status_requires_auth" time="0.035" /><testcase classname="backend.tests.test_iteration_65_payment_migration.TestCreateCheckoutArchitecture" name="test_create_checkout_requires_auth" time="0.030" /><testcase classname="backend.tests.test_iteration_65_payment_migration.TestCreateCheckoutArchitecture" name="test_create_checkout_returns_stripe_session" time="0.717" /><testcase classname="backend.tests.test_iteration_65_payment_migration.TestBuyNowArchitecture" name="test_buy_now_requires_auth" time="0.032" /><testcase classname="backend.tests.test_iteration_65_payment_migration.TestBuyNowArchitecture" name="test_buy_now_invalid_product" time="0.299" /><testcase classname="backend.tests.test_iteration_65_payment_migration.TestBuyNowArchitecture" name="test_buy_now_valid_product" time="0.714" /><testcase classname="backend.tests.test_iteration_65_payment_migration.TestScheduledPayoutsCollection" name="test_scheduled_payouts_structure" time="0.310" /></testsuite></testsuites>