<?xml version="1.0" encoding="utf-8"?><testsuites name="pytest tests"><testsuite name="pytest" errors="0" failures="0" skipped="0" tests="5" time="13.856" timestamp="2026-02-19T19:09:15.425795+00:00" hostname="agent-env-e64fa2ac-a29e-4d2e-8c05-bab4723f1ef4"><testcase classname="tests.test_bug_fixes_103.TestAIChatBugFix" name="test_chat_message_endpoint_no_500_error" time="2.105" /><testcase classname="tests.test_bug_fixes_103.TestProducerPaymentsEndpoint" name="test_producer_payments_endpoint" time="0.509" /><testcase classname="tests.test_bug_fixes_103.TestSellerAIAssistantEndpoint" name="test_seller_ai_assistant_requires_subscription" time="10.427" /><testcase classname="tests.test_bug_fixes_103.TestAuthEndpoints" name="test_login_customer" time="0.362" /><testcase classname="tests.test_bug_fixes_103.TestAuthEndpoints" name="test_login_producer" time="0.391" /></testsuite></testsuites>