<?xml version="1.0" encoding="utf-8"?><testsuites name="pytest tests"><testsuite name="pytest" errors="0" failures="0" skipped="0" tests="11" time="7.285" timestamp="2026-02-19T17:56:10.629758+00:00" hostname="agent-env-f8b2e84d-b394-41df-a8df-ad0ae8e3248d"><testcase classname="backend.tests.test_wishlist_notifications.TestWishlistCRUD" name="test_01_add_product_to_wishlist" time="0.692" /><testcase classname="backend.tests.test_wishlist_notifications.TestWishlistCRUD" name="test_02_check_wishlist_status" time="0.425" /><testcase classname="backend.tests.test_wishlist_notifications.TestWishlistCRUD" name="test_03_get_wishlist_items" time="0.452" /><testcase classname="backend.tests.test_wishlist_notifications.TestWishlistCRUD" name="test_04_add_duplicate_product" time="0.522" /><testcase classname="backend.tests.test_wishlist_notifications.TestWishlistCRUD" name="test_05_remove_from_wishlist" time="0.476" /><testcase classname="backend.tests.test_wishlist_notifications.TestWishlistCRUD" name="test_06_verify_removal" time="0.507" /><testcase classname="backend.tests.test_wishlist_notifications.TestNotificationsAPI" name="test_01_get_notifications" time="0.499" /><testcase classname="backend.tests.test_wishlist_notifications.TestNotificationsAPI" name="test_02_mark_notification_read" time="0.548" /><testcase classname="backend.tests.test_wishlist_notifications.TestNotificationsAPI" name="test_03_mark_all_notifications_read" time="0.486" /><testcase classname="backend.tests.test_wishlist_notifications.TestPriceDropNotification" name="test_price_drop_notification_flow" time="2.238" /><testcase classname="backend.tests.test_wishlist_notifications.TestWishlistUnauthorized" name="test_wishlist_requires_auth" time="0.357" /></testsuite></testsuites>