<?xml version="1.0" encoding="utf-8"?><testsuites name="pytest tests"><testsuite name="pytest" errors="0" failures="0" skipped="0" tests="15" time="1.627" timestamp="2026-02-10T20:27:54.512418+00:00" hostname="agent-env-4fd33191-f729-48c2-bf4e-b276777eecbe"><testcase classname="backend.tests.test_iteration32_features.TestProducerCommission" name="test_producer_payments_endpoint" time="0.123" /><testcase classname="backend.tests.test_iteration32_features.TestInfluencerCreateCode" name="test_create_code_requires_auth" time="0.036" /><testcase classname="backend.tests.test_iteration32_features.TestInfluencerCreateCode" name="test_create_code_validates_format" time="0.042" /><testcase classname="backend.tests.test_iteration32_features.TestAdminAnalytics" name="test_analytics_requires_auth" time="0.038" /><testcase classname="backend.tests.test_iteration32_features.TestAdminAnalytics" name="test_analytics_with_super_admin" time="0.081" /><testcase classname="backend.tests.test_iteration32_features.TestAdminAnalytics" name="test_analytics_with_country_filter" time="0.069" /><testcase classname="backend.tests.test_iteration32_features.TestSuperAdminManagement" name="test_get_admins_requires_super_admin" time="0.074" /><testcase classname="backend.tests.test_iteration32_features.TestSuperAdminManagement" name="test_get_admins_with_super_admin" time="0.071" /><testcase classname="backend.tests.test_iteration32_features.TestSuperAdminManagement" name="test_create_admin_with_country" time="0.160" /><testcase classname="backend.tests.test_iteration32_features.TestInfluencerDashboard" name="test_dashboard_requires_auth" time="0.036" /><testcase classname="backend.tests.test_iteration32_features.TestRegistrationRoles" name="test_register_customer" time="0.312" /><testcase classname="backend.tests.test_iteration32_features.TestRegistrationRoles" name="test_register_producer" time="0.247" /><testcase classname="backend.tests.test_iteration32_features.TestRegistrationRoles" name="test_register_influencer" time="0.196" /><testcase classname="backend.tests.test_iteration32_features.TestEmailVerification" name="test_verify_email_requires_code" time="0.042" /><testcase classname="backend.tests.test_iteration32_features.TestEmailVerification" name="test_verify_email_invalid_code" time="0.034" /></testsuite></testsuites>