<?xml version="1.0" encoding="utf-8"?><testsuites name="pytest tests"><testsuite name="pytest" errors="0" failures="0" skipped="0" tests="11" time="1.949" timestamp="2026-02-13T00:20:28.684213+00:00" hostname="agent-env-95c9bdab-f202-457e-be21-63cfcd109ff5"><testcase classname="backend.tests.test_iteration_72_antispam.TestAuthEndpoint" name="test_login_customer" time="0.389" /><testcase classname="backend.tests.test_iteration_72_antispam.TestAuthEndpoint" name="test_login_producer" time="0.271" /><testcase classname="backend.tests.test_iteration_72_antispam.TestFeedEndpoints" name="test_get_feed" time="0.060" /><testcase classname="backend.tests.test_iteration_72_antispam.TestFeedEndpoints" name="test_get_feed_trending" time="0.047" /><testcase classname="backend.tests.test_iteration_72_antispam.TestUserProfileEndpoint" name="test_producer_profile_with_seller_stats" time="0.048" /><testcase classname="backend.tests.test_iteration_72_antispam.TestDiscoverEndpoint" name="test_discover_profiles" time="0.057" /><testcase classname="backend.tests.test_iteration_72_antispam.TestConfigEndpoint" name="test_get_countries" time="0.040" /><testcase classname="backend.tests.test_iteration_72_antispam.TestProductsEndpoint" name="test_get_products" time="0.044" /><testcase classname="backend.tests.test_iteration_72_antispam.TestAntiSpamChat" name="test_first_message_to_producer_succeeds" time="0.305" /><testcase classname="backend.tests.test_iteration_72_antispam.TestAntiSpamChat" name="test_second_message_without_reply_returns_429" time="0.296" /><testcase classname="backend.tests.test_iteration_72_antispam.TestAntiSpamWithConversationStatus" name="test_conversations_endpoint_works" time="0.301" /></testsuite></testsuites>