<?xml version="1.0" encoding="utf-8"?><testsuites name="pytest tests"><testsuite name="pytest" errors="0" failures="0" skipped="0" tests="21" time="6.451" timestamp="2026-02-18T19:43:39.911094+00:00" hostname="agent-env-7c176151-a071-412a-adca-a2c26981b988"><testcase classname="backend.tests.test_iteration_85_modularization.TestCustomerRoutes" name="test_customer_orders_list" time="0.635" /><testcase classname="backend.tests.test_iteration_85_modularization.TestCustomerRoutes" name="test_customer_profile_get" time="0.196" /><testcase classname="backend.tests.test_iteration_85_modularization.TestCustomerRoutes" name="test_customer_profile_update" time="0.136" /><testcase classname="backend.tests.test_iteration_85_modularization.TestCustomerRoutes" name="test_customer_stats" time="0.124" /><testcase classname="backend.tests.test_iteration_85_modularization.TestCustomerRoutes" name="test_customer_addresses" time="0.113" /><testcase classname="backend.tests.test_iteration_85_modularization.TestCustomerRoutes" name="test_customer_followed_stores" time="0.517" /><testcase classname="backend.tests.test_iteration_85_modularization.TestCustomerRoutes" name="test_account_withdraw_consent" time="0.133" /><testcase classname="backend.tests.test_iteration_85_modularization.TestAdminRoutes" name="test_admin_discount_codes" time="0.488" /><testcase classname="backend.tests.test_iteration_85_modularization.TestAdminRoutes" name="test_admin_influencers" time="0.116" /><testcase classname="backend.tests.test_iteration_85_modularization.TestAdminRoutes" name="test_admin_low_stock_products" time="0.233" /><testcase classname="backend.tests.test_iteration_85_modularization.TestSuperAdminRoutes" name="test_super_admin_stats" time="0.563" /><testcase classname="backend.tests.test_iteration_85_modularization.TestSuperAdminRoutes" name="test_super_admin_admins_list" time="0.290" /><testcase classname="backend.tests.test_iteration_85_modularization.TestSuperAdminRoutes" name="test_super_admin_users_by_role" time="0.159" /><testcase classname="backend.tests.test_iteration_85_modularization.TestProducerRoutes" name="test_producer_stock_update" time="0.733" /><testcase classname="backend.tests.test_iteration_85_modularization.TestProducerRoutes" name="test_producer_countries" time="0.146" /><testcase classname="backend.tests.test_iteration_85_modularization.TestProducerRoutes" name="test_producer_create_variant" time="0.196" /><testcase classname="backend.tests.test_iteration_85_modularization.TestAccountEndpoints" name="test_account_delete_endpoint_exists" time="0.150" /><testcase classname="backend.tests.test_iteration_85_modularization.TestAccountEndpoints" name="test_account_update_email_endpoint_exists" time="0.163" /><testcase classname="backend.tests.test_iteration_85_modularization.TestAccountEndpoints" name="test_account_withdraw_consent_endpoint_exists" time="0.177" /><testcase classname="backend.tests.test_iteration_85_modularization.TestHealthAndBasics" name="test_health_endpoint" time="0.125" /><testcase classname="backend.tests.test_iteration_85_modularization.TestHealthAndBasics" name="test_auth_login_works" time="0.969" /></testsuite></testsuites>