<?xml version="1.0" encoding="utf-8"?><testsuites name="pytest tests"><testsuite name="pytest" errors="0" failures="0" skipped="0" tests="11" time="1.799" timestamp="2026-02-12T23:59:46.196105+00:00" hostname="agent-env-95c9bdab-f202-457e-be21-63cfcd109ff5"><testcase classname="backend.tests.test_iteration_71_seller_profile.TestSellerProfileStats" name="test_producer_profile_has_seller_stats" time="0.070" /><testcase classname="backend.tests.test_iteration_71_seller_profile.TestSellerProfileStats" name="test_customer_profile_no_seller_stats" time="0.336" /><testcase classname="backend.tests.test_iteration_71_seller_profile.TestSellerProfileStats" name="test_admin_can_see_producer_profile" time="0.275" /><testcase classname="backend.tests.test_iteration_71_seller_profile.TestMandatoryProductTagging" name="test_producer_post_without_product_fails" time="0.282" /><testcase classname="backend.tests.test_iteration_71_seller_profile.TestMandatoryProductTagging" name="test_producer_post_with_empty_product_id_fails" time="0.271" /><testcase classname="backend.tests.test_iteration_71_seller_profile.TestMandatoryProductTagging" name="test_customer_post_without_product_succeeds" time="0.274" /><testcase classname="backend.tests.test_iteration_71_seller_profile.TestFeedEndpoint" name="test_feed_returns_posts" time="0.045" /><testcase classname="backend.tests.test_iteration_71_seller_profile.TestFeedEndpoint" name="test_feed_with_pagination" time="0.039" /><testcase classname="backend.tests.test_iteration_71_seller_profile.TestHomePageBackend" name="test_products_endpoint" time="0.040" /><testcase classname="backend.tests.test_iteration_71_seller_profile.TestHomePageBackend" name="test_feed_trending" time="0.041" /><testcase classname="backend.tests.test_iteration_71_seller_profile.TestHomePageBackend" name="test_feed_best_sellers" time="0.037" /></testsuite></testsuites>