<?xml version="1.0" encoding="utf-8"?><testsuites name="pytest tests"><testsuite name="pytest" errors="0" failures="0" skipped="0" tests="18" time="5.470" timestamp="2026-02-12T22:01:10.527923+00:00" hostname="agent-env-95c9bdab-f202-457e-be21-63cfcd109ff5"><testcase classname="backend.tests.test_iteration_63_refactoring.TestAuthEndpoints" name="test_login_customer_success" time="0.312" /><testcase classname="backend.tests.test_iteration_63_refactoring.TestAuthEndpoints" name="test_login_producer_success" time="0.262" /><testcase classname="backend.tests.test_iteration_63_refactoring.TestAuthEndpoints" name="test_login_admin_success" time="0.261" /><testcase classname="backend.tests.test_iteration_63_refactoring.TestAuthEndpoints" name="test_login_invalid_credentials" time="0.037" /><testcase classname="backend.tests.test_iteration_63_refactoring.TestAuthEndpoints" name="test_register_new_customer" time="0.567" /><testcase classname="backend.tests.test_iteration_63_refactoring.TestConfigEndpoints" name="test_countries_returns_18_entries" time="0.034" /><testcase classname="backend.tests.test_iteration_63_refactoring.TestConfigEndpoints" name="test_locale_config_complete" time="0.034" /><testcase classname="backend.tests.test_iteration_63_refactoring.TestProductEndpoints" name="test_products_listing" time="0.040" /><testcase classname="backend.tests.test_iteration_63_refactoring.TestStoresEndpoints" name="test_stores_listing" time="0.034" /><testcase classname="backend.tests.test_iteration_63_refactoring.TestCartEndpoints" name="test_cart_get" time="0.295" /><testcase classname="backend.tests.test_iteration_63_refactoring.TestCartEndpoints" name="test_cart_add_simple_product" time="0.330" /><testcase classname="backend.tests.test_iteration_63_refactoring.TestStripeCheckoutEndpoints" name="test_create_checkout_with_cart" time="0.833" /><testcase classname="backend.tests.test_iteration_63_refactoring.TestStripeCheckoutEndpoints" name="test_buy_now_simple_product" time="0.723" /><testcase classname="backend.tests.test_iteration_63_refactoring.TestStripeCheckoutEndpoints" name="test_checkout_status_retrieval" time="0.877" /><testcase classname="backend.tests.test_iteration_63_refactoring.TestOrdersEndpoints" name="test_orders_listing" time="0.338" /><testcase classname="backend.tests.test_iteration_63_refactoring.TestModelExtraction" name="test_register_validates_email" time="0.031" /><testcase classname="backend.tests.test_iteration_63_refactoring.TestModelExtraction" name="test_buy_now_input_structure" time="0.311" /><testcase classname="backend.tests.test_iteration_63_refactoring.TestConstantsExtraction" name="test_supported_countries_consistent" time="0.073" /></testsuite></testsuites>