<?xml version="1.0" encoding="utf-8"?><testsuites name="pytest tests"><testsuite name="pytest" errors="0" failures="0" skipped="0" tests="17" time="6.517" timestamp="2026-02-18T22:59:19.100931+00:00" hostname="agent-env-5c2f3155-cc7f-4356-aa2b-bb4c45f24d6a"><testcase classname="backend.tests.test_iteration_94_stories_bottomnav.TestHispaloStoriesAPI" name="test_get_stories_feed_unauthenticated" time="2.887" /><testcase classname="backend.tests.test_iteration_94_stories_bottomnav.TestHispaloStoriesAPI" name="test_create_story_requires_auth" time="0.088" /><testcase classname="backend.tests.test_iteration_94_stories_bottomnav.TestHispaloStoriesAPI" name="test_create_story_success" time="1.442" /><testcase classname="backend.tests.test_iteration_94_stories_bottomnav.TestHispaloStoriesAPI" name="test_get_my_stories" time="0.063" /><testcase classname="backend.tests.test_iteration_94_stories_bottomnav.TestHispaloStoriesAPI" name="test_get_stories_feed_authenticated" time="0.073" /><testcase classname="backend.tests.test_iteration_94_stories_bottomnav.TestHispaloStoriesAPI" name="test_view_story" time="0.413" /><testcase classname="backend.tests.test_iteration_94_stories_bottomnav.TestHispaloStoriesAPI" name="test_delete_story_unauthorized" time="0.064" /><testcase classname="backend.tests.test_iteration_94_stories_bottomnav.TestHispaloStoriesAPI" name="test_delete_story_success" time="0.152" /><testcase classname="backend.tests.test_iteration_94_stories_bottomnav.TestHispaloStoriesAPI" name="test_delete_nonexistent_story" time="0.060" /><testcase classname="backend.tests.test_iteration_94_stories_bottomnav.TestSocialFeedEndpoints" name="test_feed_endpoint" time="0.111" /><testcase classname="backend.tests.test_iteration_94_stories_bottomnav.TestSocialFeedEndpoints" name="test_trending_endpoint" time="0.101" /><testcase classname="backend.tests.test_iteration_94_stories_bottomnav.TestSocialFeedEndpoints" name="test_discover_profiles" time="0.090" /><testcase classname="backend.tests.test_iteration_94_stories_bottomnav.TestUserProfileEndpoints" name="test_get_user_profile" time="0.123" /><testcase classname="backend.tests.test_iteration_94_stories_bottomnav.TestUserProfileEndpoints" name="test_get_user_posts" time="0.128" /><testcase classname="backend.tests.test_iteration_94_stories_bottomnav.TestAuthAndHealth" name="test_health_endpoint" time="0.058" /><testcase classname="backend.tests.test_iteration_94_stories_bottomnav.TestAuthAndHealth" name="test_customer_login" time="0.286" /><testcase classname="backend.tests.test_iteration_94_stories_bottomnav.TestAuthAndHealth" name="test_seller_login" time="0.281" /></testsuite></testsuites>