<?xml version="1.0" encoding="utf-8"?><testsuites name="pytest tests"><testsuite name="pytest" errors="0" failures="1" skipped="0" tests="11" time="3.665" timestamp="2026-02-19T18:17:47.391430+00:00" hostname="agent-env-f8b2e84d-b394-41df-a8df-ad0ae8e3248d"><testcase classname="tests.test_iteration_102.TestCertificatesEndpoint" name="test_certificate_product_with_es_lang" time="0.280" /><testcase classname="tests.test_iteration_102.TestCertificatesEndpoint" name="test_certificate_product_with_en_lang" time="0.171" /><testcase classname="tests.test_iteration_102.TestCertificatesEndpoint" name="test_certificate_product_with_ko_lang" time="0.169" /><testcase classname="tests.test_iteration_102.TestCertificatesEndpoint" name="test_certificate_product_without_lang" time="0.157" /><testcase classname="tests.test_iteration_102.TestStoreEndpoints" name="test_get_stores_list" time="0.142" /><testcase classname="tests.test_iteration_102.TestStoreEndpoints" name="test_get_store_by_slug" time="0.980" /><testcase classname="tests.test_iteration_102.TestStoreEndpoints" name="test_get_store_products" time="0.243" /><testcase classname="tests.test_iteration_102.TestSocialFeed" name="test_get_posts" time="0.113"><failure message="AssertionError: Expected 200, got 405&#10;assert 405 == 200&#10; +  where 405 = &lt;Response [405]&gt;.status_code">tests/test_iteration_102.py:103: in test_get_posts
    assert response.status_code == 200, f"Expected 200, got {response.status_code}"
E   AssertionError: Expected 200, got 405
E   assert 405 == 200
E    +  where 405 = &lt;Response [405]&gt;.status_code</failure></testcase><testcase classname="tests.test_iteration_102.TestSocialFeed" name="test_seed_posts_images_not_expired" time="0.147" /><testcase classname="tests.test_iteration_102.TestFollowStore" name="test_follow_store_requires_auth" time="0.334" /><testcase classname="tests.test_iteration_102.TestFollowStore" name="test_follow_store_with_auth" time="0.834" /></testsuite></testsuites>