<?xml version="1.0" encoding="utf-8"?><testsuites name="pytest tests"><testsuite name="pytest" errors="0" failures="0" skipped="0" tests="18" time="1.296" timestamp="2026-02-12T11:42:17.254391+00:00" hostname="agent-env-270710bd-92d8-4d05-ac37-a63157cedf6a"><testcase classname="backend.tests.test_iteration_57.TestPublicEndpoints" name="test_config_locale" time="0.096" /><testcase classname="backend.tests.test_iteration_57.TestPublicEndpoints" name="test_exchange_rates" time="0.135" /><testcase classname="backend.tests.test_iteration_57.TestPublicEndpoints" name="test_products_list" time="0.046" /><testcase classname="backend.tests.test_iteration_57.TestPublicEndpoints" name="test_stores_list" time="0.042" /><testcase classname="backend.tests.test_iteration_57.TestPublicEndpoints" name="test_categories_list" time="0.041" /><testcase classname="backend.tests.test_iteration_57.TestAuthenticationFlows" name="test_customer_login" time="0.045" /><testcase classname="backend.tests.test_iteration_57.TestAuthenticationFlows" name="test_producer_login" time="0.037" /><testcase classname="backend.tests.test_iteration_57.TestAuthenticationFlows" name="test_influencer_login" time="0.041" /><testcase classname="backend.tests.test_iteration_57.TestAuthenticationFlows" name="test_admin_login" time="0.042" /><testcase classname="backend.tests.test_iteration_57.TestInfluencerDashboard" name="test_influencer_dashboard_loads" time="0.052" /><testcase classname="backend.tests.test_iteration_57.TestInfluencerDashboard" name="test_influencer_stripe_status" time="0.051" /><testcase classname="backend.tests.test_iteration_57.TestDirectoryAndChat" name="test_directory_influencers" time="0.133" /><testcase classname="backend.tests.test_iteration_57.TestDirectoryAndChat" name="test_directory_producers" time="0.041" /><testcase classname="backend.tests.test_iteration_57.TestDirectoryAndChat" name="test_internal_chat_conversations" time="0.099" /><testcase classname="backend.tests.test_iteration_57.TestCartFlow" name="test_cart_operations" time="0.120" /><testcase classname="backend.tests.test_iteration_57.TestUserProfileAndFollow" name="test_user_profile" time="0.095" /><testcase classname="backend.tests.test_iteration_57.TestProducerDashboard" name="test_producer_store_profile" time="0.044" /><testcase classname="backend.tests.test_iteration_57.TestAdminDashboard" name="test_admin_access" time="0.048" /></testsuite></testsuites>