<?xml version="1.0" encoding="utf-8"?><testsuites name="pytest tests"><testsuite name="pytest" errors="0" failures="0" skipped="0" tests="22" time="6.598" timestamp="2026-02-12T22:52:11.908940+00:00" hostname="agent-env-95c9bdab-f202-457e-be21-63cfcd109ff5"><testcase classname="tests.test_iteration_66_financial_ledger.TestFinancialLedgerAdmin" name="test_admin_login" time="0.328" /><testcase classname="tests.test_iteration_66_financial_ledger.TestFinancialLedgerAdmin" name="test_customer_login" time="0.257" /><testcase classname="tests.test_iteration_66_financial_ledger.TestFinancialLedgerAdmin" name="test_admin_can_access_financial_ledger" time="0.300" /><testcase classname="tests.test_iteration_66_financial_ledger.TestFinancialLedgerAdmin" name="test_customer_cannot_access_financial_ledger" time="0.288" /><testcase classname="tests.test_iteration_66_financial_ledger.TestFinancialLedgerAdmin" name="test_financial_ledger_with_date_filters" time="0.296" /><testcase classname="tests.test_iteration_66_financial_ledger.TestFinancialLedgerAdmin" name="test_financial_ledger_with_event_type_filter" time="0.325" /><testcase classname="tests.test_iteration_66_financial_ledger.TestFinancialLedgerAdmin" name="test_ledger_entry_structure" time="0.333" /><testcase classname="tests.test_iteration_66_financial_ledger.TestExcelExport" name="test_admin_can_export_financial_report" time="0.454" /><testcase classname="tests.test_iteration_66_financial_ledger.TestExcelExport" name="test_excel_has_5_sheets" time="0.452" /><testcase classname="tests.test_iteration_66_financial_ledger.TestExcelExport" name="test_customer_cannot_export_financial_report" time="0.290" /><testcase classname="tests.test_iteration_66_financial_ledger.TestRefund" name="test_customer_cannot_refund" time="0.294" /><testcase classname="tests.test_iteration_66_financial_ledger.TestRefund" name="test_refund_nonexistent_order" time="0.290" /><testcase classname="tests.test_iteration_66_financial_ledger.TestRefund" name="test_refund_already_refunded_order" time="0.263" /><testcase classname="tests.test_iteration_66_financial_ledger.TestWebhook" name="test_webhook_accepts_valid_payload" time="0.034" /><testcase classname="tests.test_iteration_66_financial_ledger.TestWebhook" name="test_webhook_handles_other_events" time="0.074" /><testcase classname="tests.test_iteration_66_financial_ledger.TestExistingEndpoints" name="test_producer_payments_endpoint" time="0.292" /><testcase classname="tests.test_iteration_66_financial_ledger.TestExistingEndpoints" name="test_scheduled_payouts_admin_only" time="0.637" /><testcase classname="tests.test_iteration_66_financial_ledger.TestExistingEndpoints" name="test_create_checkout_still_works" time="0.365" /><testcase classname="tests.test_iteration_66_financial_ledger.TestExistingEndpoints" name="test_buy_now_still_works" time="0.332" /><testcase classname="tests.test_iteration_66_financial_ledger.TestExistingEndpoints" name="test_products_endpoint_works" time="0.034" /><testcase classname="tests.test_iteration_66_financial_ledger.TestLedgerTaxModel" name="test_ledger_entries_have_tax_fields" time="0.285" /><testcase classname="tests.test_iteration_66_financial_ledger.TestLedgerTaxModel" name="test_ledger_has_usd_consolidation" time="0.297" /></testsuite></testsuites>