<?xml version="1.0" encoding="utf-8"?><testsuites name="pytest tests"><testsuite name="pytest" errors="0" failures="0" skipped="0" tests="9" time="3.392" timestamp="2026-02-19T16:16:15.597295+00:00" hostname="agent-env-c07cfef6-ea6a-40c3-9430-d8b33259e899"><testcase classname="backend.tests.test_iteration_96_login_username.TestLoginWithUsernameFeature" name="test_login_with_email_success" time="0.540" /><testcase classname="backend.tests.test_iteration_96_login_username.TestLoginWithUsernameFeature" name="test_login_with_at_username_success" time="0.461" /><testcase classname="backend.tests.test_iteration_96_login_username.TestLoginWithUsernameFeature" name="test_login_with_username_without_at_success" time="0.413" /><testcase classname="backend.tests.test_iteration_96_login_username.TestLoginWithUsernameFeature" name="test_login_wrong_credentials_fails" time="0.115" /><testcase classname="backend.tests.test_iteration_96_login_username.TestLoginWithUsernameFeature" name="test_login_wrong_password_for_valid_email" time="0.376" /><testcase classname="backend.tests.test_iteration_96_login_username.TestLoginWithUsernameFeature" name="test_login_wrong_password_for_valid_username" time="0.355" /><testcase classname="backend.tests.test_iteration_96_login_username.TestLoginInputValidation" name="test_login_empty_email_fails" time="0.152" /><testcase classname="backend.tests.test_iteration_96_login_username.TestLoginInputValidation" name="test_login_empty_password_fails" time="0.380" /><testcase classname="backend.tests.test_iteration_96_login_username.TestInternalChatRegression" name="test_internal_chat_conversations_api" time="0.541" /></testsuite></testsuites>