<?xml version="1.0" encoding="utf-8"?><testsuites name="pytest tests"><testsuite name="pytest" errors="0" failures="0" skipped="1" tests="16" time="8.344" timestamp="2026-02-19T15:34:29.393425+00:00" hostname="agent-env-c07cfef6-ea6a-40c3-9430-d8b33259e899"><testcase classname="backend.tests.test_iteration_95_p0_bugs.TestHealthCheck" name="test_api_health" time="0.182" /><testcase classname="backend.tests.test_iteration_95_p0_bugs.TestAuthentication" name="test_login_producer" time="0.368" /><testcase classname="backend.tests.test_iteration_95_p0_bugs.TestAuthentication" name="test_login_customer" time="0.357" /><testcase classname="backend.tests.test_iteration_95_p0_bugs.TestAuthentication" name="test_login_influencer" time="0.356" /><testcase classname="backend.tests.test_iteration_95_p0_bugs.TestInternalChatBugFix" name="test_get_conversations_list" time="0.452" /><testcase classname="backend.tests.test_iteration_95_p0_bugs.TestInternalChatBugFix" name="test_get_unread_count" time="0.056" /><testcase classname="backend.tests.test_iteration_95_p0_bugs.TestInternalChatBugFix" name="test_start_conversation_missing_recipient" time="0.058" /><testcase classname="backend.tests.test_iteration_95_p0_bugs.TestInternalChatBugFix" name="test_start_conversation_with_producer" time="0.507" /><testcase classname="backend.tests.test_iteration_95_p0_bugs.TestInternalChatBugFix" name="test_send_message_requires_conversation_or_recipient" time="0.059" /><testcase classname="backend.tests.test_iteration_95_p0_bugs.TestImageUploadBugFix" name="test_product_image_upload_returns_https_url" time="1.345" /><testcase classname="backend.tests.test_iteration_95_p0_bugs.TestImageUploadBugFix" name="test_chat_image_upload_returns_https_url" time="1.110" /><testcase classname="backend.tests.test_iteration_95_p0_bugs.TestStripeInfluencerBugFix" name="test_influencer_stripe_connect_returns_json" time="0.762"><skipped type="pytest.skip" message="Cloudflare 520 error - transient issue">/app/backend/tests/test_iteration_95_p0_bugs.py:232: Cloudflare 520 error - transient issue</skipped></testcase><testcase classname="backend.tests.test_iteration_95_p0_bugs.TestStripeInfluencerBugFix" name="test_influencer_stripe_status" time="0.067" /><testcase classname="backend.tests.test_iteration_95_p0_bugs.TestStripeProducerBugFix" name="test_producer_stripe_create_account_returns_json" time="0.613" /><testcase classname="backend.tests.test_iteration_95_p0_bugs.TestStripeProducerBugFix" name="test_producer_stripe_status" time="0.070" /><testcase classname="backend.tests.test_iteration_95_p0_bugs.TestFrontendURLHandling" name="test_cloudinary_url_format" time="1.908" /></testsuite></testsuites>