<?xml version="1.0" encoding="utf-8"?><testsuites name="pytest tests"><testsuite name="pytest" errors="0" failures="0" skipped="0" tests="18" time="3.569" timestamp="2026-02-18T17:31:19.549741+00:00" hostname="agent-env-1ae2d408-ddc6-4b78-93e5-f2fed619560f"><testcase classname="tests.test_category_system.TestCategoryTree" name="test_categories_tree_spanish_returns_21_main_categories" time="0.188" /><testcase classname="tests.test_category_system.TestCategoryTree" name="test_categories_tree_spanish_has_60_subcategories" time="0.146" /><testcase classname="tests.test_category_system.TestCategoryTree" name="test_categories_tree_english_translations" time="0.437" /><testcase classname="tests.test_category_system.TestCategoryTree" name="test_categories_tree_spanish_translations" time="0.149" /><testcase classname="tests.test_category_system.TestCategoryTree" name="test_categories_have_optgroup_structure" time="0.139" /><testcase classname="tests.test_category_system.TestProductCategoryFiltering" name="test_products_list_returns_all_9_products" time="0.139" /><testcase classname="tests.test_category_system.TestProductCategoryFiltering" name="test_products_filter_by_main_category_slug_includes_subcategories" time="0.136" /><testcase classname="tests.test_category_system.TestProductCategoryFiltering" name="test_products_filter_by_subcategory_slug" time="0.120" /><testcase classname="tests.test_category_system.TestProductCategoryFiltering" name="test_main_category_includes_all_subcategories" time="0.113" /><testcase classname="tests.test_category_system.TestProductCategoryFiltering" name="test_conservas_category_includes_vegetales_and_mermeladas" time="0.152" /><testcase classname="tests.test_category_system.TestProductCategoryFiltering" name="test_bebidas_category_includes_zumos" time="0.123" /><testcase classname="tests.test_category_system.TestProductCategoryAssignments" name="test_olive_oil_in_aceite_oliva_category" time="0.285" /><testcase classname="tests.test_category_system.TestProductCategoryAssignments" name="test_energy_bars_in_barritas_category" time="0.162" /><testcase classname="tests.test_category_system.TestProductCategoryAssignments" name="test_fig_jam_in_mermeladas_category" time="0.321" /><testcase classname="tests.test_category_system.TestProductCategoryAssignments" name="test_orange_juice_in_zumos_category" time="0.140" /><testcase classname="tests.test_category_system.TestProductCategoryAssignments" name="test_tomatoes_in_conservas_vegetales_category" time="0.445" /><testcase classname="tests.test_category_system.TestProductCategoryAssignments" name="test_popcorn_in_snacks_salados_category" time="0.136" /><testcase classname="tests.test_category_system.TestHealthCheck" name="test_health_check_returns_200" time="0.160" /></testsuite></testsuites>