<?xml version="1.0" encoding="utf-8"?><testsuites name="pytest tests"><testsuite name="pytest" errors="0" failures="0" skipped="0" tests="17" time="3.474" timestamp="2026-02-18T19:08:56.695299+00:00" hostname="agent-env-aed7a875-2ca5-46ea-99f9-f3bfea0e4864"><testcase classname="backend.tests.test_iteration_83_modularization.TestHealthAndConfig" name="test_health_check" time="0.155" /><testcase classname="backend.tests.test_iteration_83_modularization.TestProductsModularization" name="test_get_products_endpoint" time="0.118" /><testcase classname="backend.tests.test_iteration_83_modularization.TestProductsModularization" name="test_product_country_filter_spain" time="0.128" /><testcase classname="backend.tests.test_iteration_83_modularization.TestProductsModularization" name="test_product_country_filter_empty_result" time="0.121" /><testcase classname="backend.tests.test_iteration_83_modularization.TestProductsModularization" name="test_product_detail_endpoint" time="0.311" /><testcase classname="backend.tests.test_iteration_83_modularization.TestProductsModularization" name="test_products_with_search" time="0.243" /><testcase classname="backend.tests.test_iteration_83_modularization.TestProductsModularization" name="test_products_with_category" time="0.133" /><testcase classname="backend.tests.test_iteration_83_modularization.TestCartModularization" name="test_cart_requires_auth" time="0.137" /><testcase classname="backend.tests.test_iteration_83_modularization.TestCartModularization" name="test_cart_add_requires_auth" time="0.151" /><testcase classname="backend.tests.test_iteration_83_modularization.TestRecipesModularization" name="test_get_recipes_endpoint" time="0.152" /><testcase classname="backend.tests.test_iteration_83_modularization.TestRecipesModularization" name="test_create_recipe_requires_auth" time="0.113" /><testcase classname="backend.tests.test_iteration_83_modularization.TestReviewsModularization" name="test_get_product_reviews" time="0.129" /><testcase classname="backend.tests.test_iteration_83_modularization.TestInfluencerModularization" name="test_influencer_dashboard_requires_auth" time="0.113" /><testcase classname="backend.tests.test_iteration_83_modularization.TestInfluencerModularization" name="test_influencer_apply_endpoint" time="0.135" /><testcase classname="backend.tests.test_iteration_83_modularization.TestAuthenticatedCart" name="test_cart_authenticated" time="0.470" /><testcase classname="backend.tests.test_iteration_83_modularization.TestAuthenticatedCart" name="test_cart_add_authenticated" time="0.587" /><testcase classname="backend.tests.test_iteration_83_modularization.TestConservasCategory" name="test_conservas_category_products" time="0.205" /></testsuite></testsuites>