<?xml version="1.0" encoding="utf-8"?><testsuites name="pytest tests"><testsuite name="pytest" errors="0" failures="1" skipped="1" tests="17" time="2.041" timestamp="2026-02-12T12:54:42.283992+00:00" hostname="agent-env-270710bd-92d8-4d05-ac37-a63157cedf6a"><testcase classname="backend.tests.test_iteration_61_features.TestAuthentication" name="test_customer_login" time="0.107" /><testcase classname="backend.tests.test_iteration_61_features.TestAuthentication" name="test_producer_login" time="0.041" /><testcase classname="backend.tests.test_iteration_61_features.TestProductTagging" name="test_post_products_search_endpoint_exists" time="0.061" /><testcase classname="backend.tests.test_iteration_61_features.TestProductTagging" name="test_post_products_search_with_query" time="0.057" /><testcase classname="backend.tests.test_iteration_61_features.TestProductTagging" name="test_post_products_response_structure" time="0.054" /><testcase classname="backend.tests.test_iteration_61_features.TestPostWithProductTag" name="test_create_post_with_text_only" time="0.084" /><testcase classname="backend.tests.test_iteration_61_features.TestPostWithProductTag" name="test_create_post_with_product_id" time="0.126" /><testcase classname="backend.tests.test_iteration_61_features.TestPersistentBookmarks" name="test_feed_returns_is_bookmarked" time="0.069" /><testcase classname="backend.tests.test_iteration_61_features.TestPersistentBookmarks" name="test_toggle_bookmark_on" time="0.077" /><testcase classname="backend.tests.test_iteration_61_features.TestPersistentBookmarks" name="test_bookmark_persists_in_feed" time="0.154" /><testcase classname="backend.tests.test_iteration_61_features.TestFollowUnfollow" name="test_follow_user" time="0.095" /><testcase classname="backend.tests.test_iteration_61_features.TestFollowUnfollow" name="test_unfollow_user" time="0.120" /><testcase classname="backend.tests.test_iteration_61_features.TestFollowUnfollow" name="test_cannot_follow_self" time="0.067" /><testcase classname="backend.tests.test_iteration_61_features.TestInternalChat" name="test_start_conversation" time="0.110" /><testcase classname="backend.tests.test_iteration_61_features.TestStripeCheckout" name="test_checkout_requires_cart" time="0.530"><failure message="AssertionError: Expected 400 for empty cart, got 200&#10;assert 200 == 400&#10; +  where 200 = &lt;Response [200]&gt;.status_code">backend/tests/test_iteration_61_features.py:408: in test_checkout_requires_cart
    assert response.status_code == 400, f"Expected 400 for empty cart, got {response.status_code}"
E   AssertionError: Expected 400 for empty cart, got 200
E   assert 200 == 400
E    +  where 200 = &lt;Response [200]&gt;.status_code</failure></testcase><testcase classname="backend.tests.test_iteration_61_features.TestStripeCheckout" name="test_checkout_with_cart_returns_url" time="0.104"><skipped type="pytest.skip" message="Could not add to cart: {&quot;detail&quot;:&quot;Method Not Allowed&quot;}">/app/backend/tests/test_iteration_61_features.py:440: Could not add to cart: {"detail":"Method Not Allowed"}</skipped></testcase><testcase classname="backend.tests.test_iteration_61_features.TestFeedWithTaggedProduct" name="test_feed_includes_tagged_product" time="0.067" /></testsuite></testsuites>