<?xml version="1.0" encoding="utf-8"?><testsuites name="pytest tests"><testsuite name="pytest" errors="0" failures="0" skipped="0" tests="16" time="1.298" timestamp="2026-02-12T23:32:06.813603+00:00" hostname="agent-env-95c9bdab-f202-457e-be21-63cfcd109ff5"><testcase classname="backend.tests.test_iteration_69_social_feed.TestAuthEndpoints" name="test_login_admin" time="0.413" /><testcase classname="backend.tests.test_iteration_69_social_feed.TestAuthEndpoints" name="test_login_customer" time="0.264" /><testcase classname="backend.tests.test_iteration_69_social_feed.TestProductsEndpoint" name="test_get_products" time="0.045" /><testcase classname="backend.tests.test_iteration_69_social_feed.TestSocialFeedEndpoint" name="test_feed_default" time="0.043" /><testcase classname="backend.tests.test_iteration_69_social_feed.TestSocialFeedEndpoint" name="test_feed_with_limit" time="0.046" /><testcase classname="backend.tests.test_iteration_69_social_feed.TestSocialFeedEndpoint" name="test_feed_pagination_skip" time="0.046" /><testcase classname="backend.tests.test_iteration_69_social_feed.TestTrendingEndpoint" name="test_trending_posts" time="0.038" /><testcase classname="backend.tests.test_iteration_69_social_feed.TestTrendingEndpoint" name="test_trending_with_limit" time="0.044" /><testcase classname="backend.tests.test_iteration_69_social_feed.TestBestSellersEndpoint" name="test_best_sellers" time="0.038" /><testcase classname="backend.tests.test_iteration_69_social_feed.TestBestSellersEndpoint" name="test_best_sellers_with_limit" time="0.040" /><testcase classname="backend.tests.test_iteration_69_social_feed.TestSocialEventTracking" name="test_track_click_info_event" time="0.034" /><testcase classname="backend.tests.test_iteration_69_social_feed.TestSocialEventTracking" name="test_track_become_seller_event" time="0.035" /><testcase classname="backend.tests.test_iteration_69_social_feed.TestSocialEventTracking" name="test_track_become_influencer_event" time="0.035" /><testcase classname="backend.tests.test_iteration_69_social_feed.TestSocialEventTracking" name="test_track_view_post_event" time="0.039" /><testcase classname="backend.tests.test_iteration_69_social_feed.TestSocialEventTracking" name="test_track_invalid_event_type" time="0.033" /><testcase classname="backend.tests.test_iteration_69_social_feed.TestSocialEventTracking" name="test_track_click_product_from_post" time="0.036" /></testsuite></testsuites>