<?xml version="1.0" encoding="utf-8"?><testsuites name="pytest tests"><testsuite name="pytest" errors="0" failures="0" skipped="0" tests="12" time="3.484" timestamp="2026-02-18T16:44:48.077567+00:00" hostname="agent-env-1ae2d408-ddc6-4b78-93e5-f2fed619560f"><testcase classname="backend.tests.test_iteration_77_postviewer.TestHealthAndConfig" name="test_health_check" time="0.310" /><testcase classname="backend.tests.test_iteration_77_postviewer.TestHealthAndConfig" name="test_locale_config" time="0.146" /><testcase classname="backend.tests.test_iteration_77_postviewer.TestUserProfile" name="test_get_user_profile" time="0.637" /><testcase classname="backend.tests.test_iteration_77_postviewer.TestUserProfile" name="test_get_user_posts" time="0.370" /><testcase classname="backend.tests.test_iteration_77_postviewer.TestPostInteractions" name="test_get_post_comments" time="0.600" /><testcase classname="backend.tests.test_iteration_77_postviewer.TestPostInteractions" name="test_like_post" time="0.140" /><testcase classname="backend.tests.test_iteration_77_postviewer.TestPostInteractions" name="test_bookmark_post" time="0.086" /><testcase classname="backend.tests.test_iteration_77_postviewer.TestPostInteractions" name="test_add_comment" time="0.106" /><testcase classname="backend.tests.test_iteration_77_postviewer.TestSocialFeed" name="test_get_feed" time="0.300" /><testcase classname="backend.tests.test_iteration_77_postviewer.TestSocialFeed" name="test_feed_with_country_filter" time="0.126" /><testcase classname="backend.tests.test_iteration_77_postviewer.TestLocaleUpdate" name="test_update_language" time="0.482" /><testcase classname="backend.tests.test_iteration_77_postviewer.TestUserSpecificPosts" name="test_get_test_user_posts" time="0.108" /></testsuite></testsuites>