<?xml version="1.0" encoding="utf-8"?><testsuites name="pytest tests"><testsuite name="pytest" errors="0" failures="0" skipped="0" tests="18" time="1.694" timestamp="2026-02-12T23:40:32.039156+00:00" hostname="agent-env-95c9bdab-f202-457e-be21-63cfcd109ff5"><testcase classname="backend.tests.test_iteration_70_social_feed.TestFeedEndpoints" name="test_feed_returns_posts_with_user_country" time="0.066" /><testcase classname="backend.tests.test_iteration_70_social_feed.TestFeedEndpoints" name="test_feed_returns_posts_with_scored_sorting" time="0.046" /><testcase classname="backend.tests.test_iteration_70_social_feed.TestFeedEndpoints" name="test_feed_tagged_product_enrichment" time="0.048" /><testcase classname="backend.tests.test_iteration_70_social_feed.TestFeedEndpoints" name="test_feed_pagination" time="0.077" /><testcase classname="backend.tests.test_iteration_70_social_feed.TestBestSellersEndpoint" name="test_best_sellers_returns_products" time="0.048" /><testcase classname="backend.tests.test_iteration_70_social_feed.TestBestSellersEndpoint" name="test_best_sellers_limit_param" time="0.036" /><testcase classname="backend.tests.test_iteration_70_social_feed.TestTrendingEndpoint" name="test_trending_returns_posts" time="0.043" /><testcase classname="backend.tests.test_iteration_70_social_feed.TestTrendingEndpoint" name="test_trending_limit_param" time="0.076" /><testcase classname="backend.tests.test_iteration_70_social_feed.TestSocialEventTracking" name="test_track_share_post_event" time="0.035" /><testcase classname="backend.tests.test_iteration_70_social_feed.TestSocialEventTracking" name="test_track_save_post_event" time="0.033" /><testcase classname="backend.tests.test_iteration_70_social_feed.TestSocialEventTracking" name="test_track_click_product_from_post_event" time="0.036" /><testcase classname="backend.tests.test_iteration_70_social_feed.TestSocialEventTracking" name="test_track_add_to_cart_from_post_event" time="0.035" /><testcase classname="backend.tests.test_iteration_70_social_feed.TestSocialEventTracking" name="test_track_buy_from_post_event" time="0.035" /><testcase classname="backend.tests.test_iteration_70_social_feed.TestAuthStillWorks" name="test_admin_login" time="0.323" /><testcase classname="backend.tests.test_iteration_70_social_feed.TestAuthStillWorks" name="test_customer_login" time="0.262" /><testcase classname="backend.tests.test_iteration_70_social_feed.TestProductsStillWork" name="test_get_products" time="0.043" /><testcase classname="backend.tests.test_iteration_70_social_feed.TestCartStillWorks" name="test_cart_add_requires_auth" time="0.033" /><testcase classname="backend.tests.test_iteration_70_social_feed.TestCartStillWorks" name="test_cart_add_with_auth" time="0.344" /></testsuite></testsuites>