<?xml version="1.0" encoding="utf-8"?><testsuites name="pytest tests"><testsuite name="pytest" errors="0" failures="0" skipped="0" tests="9" time="1.421" timestamp="2026-02-12T13:11:45.906737+00:00" hostname="agent-env-270710bd-92d8-4d05-ac37-a63157cedf6a"><testcase classname="backend.tests.test_iteration_62_features.TestIteration62Features" name="test_delete_post_by_author" time="0.209" /><testcase classname="backend.tests.test_iteration_62_features.TestIteration62Features" name="test_delete_post_by_non_author_returns_403" time="0.198" /><testcase classname="backend.tests.test_iteration_62_features.TestIteration62Features" name="test_delete_nonexistent_post_returns_404" time="0.135" /><testcase classname="backend.tests.test_iteration_62_features.TestIteration62Features" name="test_trending_endpoint_returns_posts" time="0.099" /><testcase classname="backend.tests.test_iteration_62_features.TestIteration62Features" name="test_trending_posts_have_engagement_fields" time="0.109" /><testcase classname="backend.tests.test_iteration_62_features.TestIteration62Features" name="test_create_post_text_only_no_image" time="0.109" /><testcase classname="backend.tests.test_iteration_62_features.TestIteration62Features" name="test_like_toggle_works" time="0.128" /><testcase classname="backend.tests.test_iteration_62_features.TestIteration62Features" name="test_bookmark_toggle_works" time="0.212" /><testcase classname="backend.tests.test_iteration_62_features.TestIteration62Features" name="test_add_comment_to_post" time="0.154" /></testsuite></testsuites>