<?xml version="1.0" encoding="utf-8"?><testsuites name="pytest tests"><testsuite name="pytest" errors="0" failures="0" skipped="0" tests="14" time="5.237" timestamp="2026-02-13T08:45:40.225085+00:00" hostname="agent-env-95c9bdab-f202-457e-be21-63cfcd109ff5"><testcase classname="backend.tests.test_iteration_75_p0_bugfixes.TestAuthEndpoints" name="test_admin_login" time="0.547" /><testcase classname="backend.tests.test_iteration_75_p0_bugfixes.TestAuthEndpoints" name="test_producer_login" time="0.516" /><testcase classname="backend.tests.test_iteration_75_p0_bugfixes.TestAuthEndpoints" name="test_customer_login" time="0.357" /><testcase classname="backend.tests.test_iteration_75_p0_bugfixes.TestAuthEndpoints" name="test_auth_me_endpoint" time="0.477" /><testcase classname="backend.tests.test_iteration_75_p0_bugfixes.TestDiscoverProfiles" name="test_get_all_profiles" time="0.121" /><testcase classname="backend.tests.test_iteration_75_p0_bugfixes.TestDiscoverProfiles" name="test_filter_by_producer" time="0.101" /><testcase classname="backend.tests.test_iteration_75_p0_bugfixes.TestDiscoverProfiles" name="test_filter_by_influencer" time="0.106" /><testcase classname="backend.tests.test_iteration_75_p0_bugfixes.TestDiscoverProfiles" name="test_filter_by_customer" time="0.105" /><testcase classname="backend.tests.test_iteration_75_p0_bugfixes.TestInternalChat" name="test_start_conversation_with_body_params" time="0.497" /><testcase classname="backend.tests.test_iteration_75_p0_bugfixes.TestInternalChat" name="test_start_conversation_requires_auth" time="0.474" /><testcase classname="backend.tests.test_iteration_75_p0_bugfixes.TestInternalChat" name="test_start_conversation_requires_user_id" time="0.552" /><testcase classname="backend.tests.test_iteration_75_p0_bugfixes.TestFeedEndpoint" name="test_feed_loads" time="0.107" /><testcase classname="backend.tests.test_iteration_75_p0_bugfixes.TestCartEndpoint" name="test_cart_add_requires_auth" time="0.600" /><testcase classname="backend.tests.test_iteration_75_p0_bugfixes.TestCartEndpoint" name="test_cart_add_with_auth" time="0.605" /></testsuite></testsuites>