<?xml version="1.0" encoding="utf-8"?><testsuites name="pytest tests"><testsuite name="pytest" errors="0" failures="0" skipped="0" tests="11" time="0.824" timestamp="2026-02-10T19:53:29.275356+00:00" hostname="agent-env-4fd33191-f729-48c2-bf4e-b276777eecbe"><testcase classname="backend.tests.test_new_features_iter31.TestCustomerFollowedStores" name="test_followed_stores_requires_auth" time="0.086" /><testcase classname="backend.tests.test_new_features_iter31.TestCustomerFollowedStores" name="test_followed_stores_with_customer_auth" time="0.078" /><testcase classname="backend.tests.test_new_features_iter31.TestProducerHealthScore" name="test_health_score_requires_auth" time="0.039" /><testcase classname="backend.tests.test_new_features_iter31.TestProducerHealthScore" name="test_health_score_requires_producer_role" time="0.072" /><testcase classname="backend.tests.test_new_features_iter31.TestProducerHealthScore" name="test_health_score_with_producer_auth" time="0.081" /><testcase classname="backend.tests.test_new_features_iter31.TestChatMessagesEndpoint" name="test_chat_messages_requires_auth" time="0.033" /><testcase classname="backend.tests.test_new_features_iter31.TestChatMessagesEndpoint" name="test_chat_messages_invalid_conversation" time="0.151" /><testcase classname="backend.tests.test_new_features_iter31.TestChatConversationsEndpoint" name="test_conversations_requires_auth" time="0.038" /><testcase classname="backend.tests.test_new_features_iter31.TestChatConversationsEndpoint" name="test_conversations_with_auth" time="0.082" /><testcase classname="backend.tests.test_new_features_iter31.TestAuthEndpoints" name="test_customer_login" time="0.036" /><testcase classname="backend.tests.test_new_features_iter31.TestAuthEndpoints" name="test_producer_login" time="0.063" /></testsuite></testsuites>