<?xml version="1.0" encoding="utf-8"?><testsuites name="pytest tests"><testsuite name="pytest" errors="0" failures="0" skipped="0" tests="15" time="1.375" timestamp="2026-02-04T15:11:08.918758+00:00" hostname="agent-env-420b69dd-2651-47e9-8279-6760e2bae4c1"><testcase classname="backend.tests.test_phase5_super_admin.TestSuperAdminEndpoints" name="test_list_admins" time="0.115" /><testcase classname="backend.tests.test_phase5_super_admin.TestSuperAdminEndpoints" name="test_create_admin" time="0.084" /><testcase classname="backend.tests.test_phase5_super_admin.TestSuperAdminEndpoints" name="test_create_admin_duplicate_email" time="0.077" /><testcase classname="backend.tests.test_phase5_super_admin.TestSuperAdminEndpoints" name="test_create_super_admin" time="0.105" /><testcase classname="backend.tests.test_phase5_super_admin.TestSuperAdminEndpoints" name="test_update_admin_status_suspend" time="0.127" /><testcase classname="backend.tests.test_phase5_super_admin.TestSuperAdminEndpoints" name="test_update_admin_status_reactivate" time="0.131" /><testcase classname="backend.tests.test_phase5_super_admin.TestSuperAdminEndpoints" name="test_update_admin_status_invalid" time="0.131" /><testcase classname="backend.tests.test_phase5_super_admin.TestSuperAdminEndpoints" name="test_delete_admin" time="0.101" /><testcase classname="backend.tests.test_phase5_super_admin.TestSuperAdminEndpoints" name="test_cannot_delete_self" time="0.118" /><testcase classname="backend.tests.test_phase5_super_admin.TestSuperAdminAccessControl" name="test_customer_cannot_access_super_admin_endpoints" time="0.112" /><testcase classname="backend.tests.test_phase5_super_admin.TestSuperAdminAccessControl" name="test_unauthenticated_cannot_access_super_admin_endpoints" time="0.037" /><testcase classname="backend.tests.test_phase5_super_admin.TestI18nConfiguration" name="test_get_locale_config" time="0.039" /><testcase classname="backend.tests.test_phase5_super_admin.TestI18nConfiguration" name="test_get_languages" time="0.036" /><testcase classname="backend.tests.test_phase5_super_admin.TestI18nConfiguration" name="test_get_countries" time="0.039" /><testcase classname="backend.tests.test_phase5_super_admin.TestI18nConfiguration" name="test_get_currencies" time="0.040" /></testsuite></testsuites>