<?xml version="1.0" encoding="utf-8"?><testsuites name="pytest tests"><testsuite name="pytest" errors="0" failures="0" skipped="0" tests="18" time="0.970" timestamp="2026-02-05T20:44:48.650485+00:00" hostname="agent-env-0791758f-d923-4539-a9f4-a8ae852abbf9"><testcase classname="backend.tests.test_post_restore.TestConfigLocale" name="test_config_locale_returns_200" time="0.092" /><testcase classname="backend.tests.test_post_restore.TestConfigLocale" name="test_config_locale_has_countries" time="0.034" /><testcase classname="backend.tests.test_post_restore.TestConfigLocale" name="test_config_locale_has_languages" time="0.041" /><testcase classname="backend.tests.test_post_restore.TestConfigLocale" name="test_config_locale_has_currencies" time="0.035" /><testcase classname="backend.tests.test_post_restore.TestAuthLogin" name="test_login_with_valid_admin_credentials" time="0.043" /><testcase classname="backend.tests.test_post_restore.TestAuthLogin" name="test_login_with_invalid_credentials" time="0.043" /><testcase classname="backend.tests.test_post_restore.TestAuthLogin" name="test_login_with_customer_credentials" time="0.036" /><testcase classname="backend.tests.test_post_restore.TestProducts" name="test_products_returns_200" time="0.038" /><testcase classname="backend.tests.test_post_restore.TestProducts" name="test_products_returns_list" time="0.042" /><testcase classname="backend.tests.test_post_restore.TestProducts" name="test_products_have_required_fields" time="0.037" /><testcase classname="backend.tests.test_post_restore.TestCategories" name="test_categories_returns_200" time="0.035" /><testcase classname="backend.tests.test_post_restore.TestCategories" name="test_categories_returns_list" time="0.034" /><testcase classname="backend.tests.test_post_restore.TestExchangeRates" name="test_exchange_rates_returns_200" time="0.142" /><testcase classname="backend.tests.test_post_restore.TestExchangeRates" name="test_exchange_rates_has_rates" time="0.033" /><testcase classname="backend.tests.test_post_restore.TestAuthMe" name="test_auth_me_without_session_returns_401" time="0.036" /><testcase classname="backend.tests.test_post_restore.TestAuthMe" name="test_auth_me_with_valid_session" time="0.069" /><testcase classname="backend.tests.test_post_restore.TestCertificates" name="test_certificates_for_product_returns_200" time="0.070" /><testcase classname="backend.tests.test_post_restore.TestCertificates" name="test_certificates_page_uses_products_api" time="0.036" /></testsuite></testsuites>