<?xml version="1.0" encoding="utf-8"?><testsuites name="pytest tests"><testsuite name="pytest" errors="0" failures="0" skipped="0" tests="17" time="1.562" timestamp="2026-02-05T09:17:39.563641+00:00" hostname="agent-env-3652b9a9-c475-4a37-8cc3-badbd8b80bc8"><testcase classname="backend.tests.test_profile_addresses.TestCustomerAddressManagement" name="test_get_customer_addresses" time="0.161" /><testcase classname="backend.tests.test_profile_addresses.TestCustomerAddressManagement" name="test_create_customer_address" time="0.162" /><testcase classname="backend.tests.test_profile_addresses.TestCustomerAddressManagement" name="test_update_customer_address" time="0.093" /><testcase classname="backend.tests.test_profile_addresses.TestCustomerAddressManagement" name="test_delete_customer_address" time="0.125" /><testcase classname="backend.tests.test_profile_addresses.TestCustomerAddressManagement" name="test_set_default_address" time="0.225" /><testcase classname="backend.tests.test_profile_addresses.TestCustomerAddressManagement" name="test_address_validation_required_fields" time="0.054" /><testcase classname="backend.tests.test_profile_addresses.TestCustomerAddressAuth" name="test_get_addresses_requires_auth" time="0.037" /><testcase classname="backend.tests.test_profile_addresses.TestCustomerAddressAuth" name="test_create_address_requires_auth" time="0.072" /><testcase classname="backend.tests.test_profile_addresses.TestCustomerAddressAuth" name="test_delete_address_requires_auth" time="0.036" /><testcase classname="backend.tests.test_profile_addresses.TestCustomerAddressAuth" name="test_set_default_requires_auth" time="0.075" /><testcase classname="backend.tests.test_profile_addresses.TestProducerProfile" name="test_get_producer_profile" time="0.044" /><testcase classname="backend.tests.test_profile_addresses.TestProducerProfile" name="test_update_producer_addresses" time="0.097" /><testcase classname="backend.tests.test_profile_addresses.TestProducerProfile" name="test_update_only_office_address" time="0.048" /><testcase classname="backend.tests.test_profile_addresses.TestProducerProfile" name="test_update_only_warehouse_address" time="0.096" /><testcase classname="backend.tests.test_profile_addresses.TestProducerProfileAuth" name="test_get_profile_requires_auth" time="0.076" /><testcase classname="backend.tests.test_profile_addresses.TestProducerProfileAuth" name="test_update_addresses_requires_auth" time="0.034" /><testcase classname="backend.tests.test_profile_addresses.TestProducerProfileAuth" name="test_customer_cannot_access_producer_profile" time="0.055" /></testsuite></testsuites>