<?xml version="1.0" encoding="utf-8"?><testsuites name="pytest tests"><testsuite name="pytest" errors="0" failures="0" skipped="0" tests="14" time="3.018" timestamp="2026-02-18T22:35:53.663210+00:00" hostname="agent-env-5c2f3155-cc7f-4356-aa2b-bb4c45f24d6a"><testcase classname="backend.tests.test_hispaloshop_api.TestHealthAndConfig" name="test_health_check" time="0.596" /><testcase classname="backend.tests.test_hispaloshop_api.TestHealthAndConfig" name="test_locale_config" time="0.115" /><testcase classname="backend.tests.test_hispaloshop_api.TestProductsAPI" name="test_get_products_list" time="0.131" /><testcase classname="backend.tests.test_hispaloshop_api.TestProductsAPI" name="test_products_search" time="0.113" /><testcase classname="backend.tests.test_hispaloshop_api.TestProductsAPI" name="test_products_with_limit" time="0.162" /><testcase classname="backend.tests.test_hispaloshop_api.TestProductsAPI" name="test_product_detail_structure" time="0.135" /><testcase classname="backend.tests.test_hispaloshop_api.TestFeedAPI" name="test_best_sellers" time="0.177" /><testcase classname="backend.tests.test_hispaloshop_api.TestFeedAPI" name="test_best_sellers_with_limit" time="0.141" /><testcase classname="backend.tests.test_hispaloshop_api.TestCategoriesAPI" name="test_categories_list" time="0.111" /><testcase classname="backend.tests.test_hispaloshop_api.TestExchangeRates" name="test_exchange_rates" time="0.256" /><testcase classname="backend.tests.test_hispaloshop_api.TestAuthEndpoints" name="test_login_success" time="0.351" /><testcase classname="backend.tests.test_hispaloshop_api.TestAuthEndpoints" name="test_login_invalid_credentials" time="0.117" /><testcase classname="backend.tests.test_hispaloshop_api.TestAuthEndpoints" name="test_seller_login" time="0.433" /><testcase classname="backend.tests.test_hispaloshop_api.TestRecipesAPI" name="test_recipes_list" time="0.108" /></testsuite></testsuites>