<?xml version="1.0" encoding="utf-8"?><testsuites name="pytest tests"><testsuite name="pytest" errors="0" failures="0" skipped="0" tests="18" time="0.244" timestamp="2026-02-05T13:41:33.875501+00:00" hostname="agent-env-33a58a3c-2033-4e18-9a86-8d09f1e8f487"><testcase classname="backend.tests.test_i18n_translations.TestI18nTranslations" name="test_all_locale_files_exist" time="0.002" /><testcase classname="backend.tests.test_i18n_translations.TestI18nTranslations" name="test_profile_title_translation" time="0.000" /><testcase classname="backend.tests.test_i18n_translations.TestI18nTranslations" name="test_profile_subtitle_translation" time="0.000" /><testcase classname="backend.tests.test_i18n_translations.TestI18nTranslations" name="test_profile_personalInfo_translation" time="0.000" /><testcase classname="backend.tests.test_i18n_translations.TestI18nTranslations" name="test_profile_addresses_translation" time="0.000" /><testcase classname="backend.tests.test_i18n_translations.TestI18nTranslations" name="test_profile_shippingAddresses_translation" time="0.000" /><testcase classname="backend.tests.test_i18n_translations.TestI18nTranslations" name="test_profile_noAddresses_translation" time="0.000" /><testcase classname="backend.tests.test_i18n_translations.TestI18nTranslations" name="test_profile_addFirstAddress_translation" time="0.000" /><testcase classname="backend.tests.test_i18n_translations.TestI18nTranslations" name="test_profile_editAddress_translation" time="0.000" /><testcase classname="backend.tests.test_i18n_translations.TestI18nTranslations" name="test_profile_defaultAddressSet_translation" time="0.000" /><testcase classname="backend.tests.test_i18n_translations.TestI18nTranslations" name="test_consent_checkboxHint_translation" time="0.000" /><testcase classname="backend.tests.test_i18n_translations.TestI18nTranslations" name="test_all_profile_keys_complete" time="0.000" /><testcase classname="backend.tests.test_i18n_translations.TestBackendSyntax" name="test_backend_syntax_valid" time="0.068" /><testcase classname="backend.tests.test_i18n_translations.TestBackendSyntax" name="test_send_order_status_email_function_exists" time="0.001" /><testcase classname="backend.tests.test_i18n_translations.TestBackendSyntax" name="test_multilingual_status_messages_dict" time="0.001" /><testcase classname="backend.tests.test_i18n_translations.TestBackendAPI" name="test_backend_health" time="0.064" /><testcase classname="backend.tests.test_i18n_translations.TestBackendAPI" name="test_admin_login" time="0.025" /><testcase classname="backend.tests.test_i18n_translations.TestBackendAPI" name="test_order_status_endpoint_requires_auth" time="0.014" /></testsuite></testsuites>