<?xml version="1.0" encoding="utf-8"?><testsuites name="pytest tests"><testsuite name="pytest" errors="0" failures="0" skipped="0" tests="17" time="1.339" timestamp="2026-02-03T13:03:29.796775+00:00" hostname="agent-env-65a0c0c7-7c22-4600-88e4-51d585843e11"><testcase classname="backend.tests.test_reviews_api.TestReviewsPublicEndpoints" name="test_get_product_reviews_returns_structure" time="0.091" /><testcase classname="backend.tests.test_reviews_api.TestReviewsPublicEndpoints" name="test_get_product_reviews_nonexistent_product" time="0.037" /><testcase classname="backend.tests.test_reviews_api.TestReviewsAuthentication" name="test_can_review_endpoint_returns_structure" time="0.095" /><testcase classname="backend.tests.test_reviews_api.TestReviewsAuthentication" name="test_can_review_requires_auth" time="0.072" /><testcase classname="backend.tests.test_reviews_api.TestReviewCreation" name="test_create_review_requires_auth" time="0.072" /><testcase classname="backend.tests.test_reviews_api.TestReviewCreation" name="test_create_review_prevents_duplicate" time="0.092" /><testcase classname="backend.tests.test_reviews_api.TestReviewCreation" name="test_create_review_requires_valid_order" time="0.057" /><testcase classname="backend.tests.test_reviews_api.TestReviewCreation" name="test_create_review_requires_product_in_order" time="0.049" /><testcase classname="backend.tests.test_reviews_api.TestReviewCreation" name="test_create_review_validates_rating_range" time="0.060" /><testcase classname="backend.tests.test_reviews_api.TestAdminReviewModeration" name="test_admin_get_all_reviews" time="0.048" /><testcase classname="backend.tests.test_reviews_api.TestAdminReviewModeration" name="test_admin_reviews_requires_admin_role" time="0.080" /><testcase classname="backend.tests.test_reviews_api.TestAdminReviewModeration" name="test_admin_hide_review" time="0.098" /><testcase classname="backend.tests.test_reviews_api.TestAdminReviewModeration" name="test_admin_show_review" time="0.156" /><testcase classname="backend.tests.test_reviews_api.TestAdminReviewModeration" name="test_admin_hide_nonexistent_review" time="0.042" /><testcase classname="backend.tests.test_reviews_api.TestAdminReviewModeration" name="test_admin_show_nonexistent_review" time="0.046" /><testcase classname="backend.tests.test_reviews_api.TestReviewDeletion" name="test_admin_delete_nonexistent_review" time="0.050" /><testcase classname="backend.tests.test_reviews_api.TestReviewIntegration" name="test_hidden_reviews_not_in_public_list" time="0.137" /></testsuite></testsuites>