<?xml version="1.0" encoding="utf-8"?><testsuites name="pytest tests"><testsuite name="pytest" errors="0" failures="0" skipped="0" tests="22" time="8.804" timestamp="2026-02-04T14:11:26.495394+00:00" hostname="agent-env-52d34106-ef97-46b7-bb5f-b0e5823c846a"><testcase classname="backend.tests.test_smart_cart_phase3.TestSmartCartPhase3" name="test_01_smart_cart_empty_cart_error" time="0.111" /><testcase classname="backend.tests.test_smart_cart_phase3.TestSmartCartPhase3" name="test_02_optimize_price_action" time="0.166" /><testcase classname="backend.tests.test_smart_cart_phase3.TestSmartCartPhase3" name="test_03_optimize_health_action" time="0.151" /><testcase classname="backend.tests.test_smart_cart_phase3.TestSmartCartPhase3" name="test_04_optimize_quality_action" time="0.249" /><testcase classname="backend.tests.test_smart_cart_phase3.TestSmartCartPhase3" name="test_05_switch_pack_action" time="0.250" /><testcase classname="backend.tests.test_smart_cart_phase3.TestSmartCartPhase3" name="test_06_upgrade_action" time="0.114" /><testcase classname="backend.tests.test_smart_cart_phase3.TestSmartCartPhase3" name="test_07_remove_expensive_action" time="0.312" /><testcase classname="backend.tests.test_smart_cart_phase3.TestSmartCartPhase3" name="test_08_remove_allergen_action" time="0.231" /><testcase classname="backend.tests.test_smart_cart_phase3.TestSmartCartPhase3" name="test_09_unknown_action_error" time="0.113" /><testcase classname="backend.tests.test_smart_cart_phase3.TestSmartCartChatCommands" name="test_10_chat_optimize_price_spanish" time="0.162" /><testcase classname="backend.tests.test_smart_cart_phase3.TestSmartCartChatCommands" name="test_11_chat_optimize_health_spanish" time="0.160" /><testcase classname="backend.tests.test_smart_cart_phase3.TestSmartCartChatCommands" name="test_12_chat_remove_expensive_spanish" time="0.231" /><testcase classname="backend.tests.test_smart_cart_phase3.TestSmartCartChatCommands" name="test_13_chat_upgrade_premium_english" time="0.284" /><testcase classname="backend.tests.test_smart_cart_phase3.TestSmartCartChatCommands" name="test_14_chat_remove_nuts_english" time="0.194" /><testcase classname="backend.tests.test_smart_cart_phase3.TestSmartCartChatCommands" name="test_15_chat_switch_bigger_pack" time="0.240" /><testcase classname="backend.tests.test_smart_cart_phase3.TestSmartCartChatCommands" name="test_16_chat_optimize_quality" time="0.164" /><testcase classname="backend.tests.test_smart_cart_phase3.TestPhase1And2Compatibility" name="test_17_phase1_clear_cart_still_works" time="0.185" /><testcase classname="backend.tests.test_smart_cart_phase3.TestPhase1And2Compatibility" name="test_18_phase1_add_all_still_works" time="4.973" /><testcase classname="backend.tests.test_smart_cart_phase3.TestPhase1And2Compatibility" name="test_19_phase2_memory_query_spanish" time="0.093" /><testcase classname="backend.tests.test_smart_cart_phase3.TestPhase1And2Compatibility" name="test_20_phase2_memory_query_english" time="0.080" /><testcase classname="backend.tests.test_smart_cart_phase3.TestPhase1And2Compatibility" name="test_21_phase2_forget_preferences_spanish" time="0.125" /><testcase classname="backend.tests.test_smart_cart_phase3.TestPhase1And2Compatibility" name="test_22_phase2_ai_memory_endpoint" time="0.151" /></testsuite></testsuites>