<?xml version="1.0" encoding="utf-8"?><testsuites name="pytest tests"><testsuite name="pytest" errors="0" failures="0" skipped="0" tests="26" time="2.247" timestamp="2026-02-03T12:34:27.433881+00:00" hostname="agent-env-65a0c0c7-7c22-4600-88e4-51d585843e11"><testcase classname="backend.tests.test_stock_discount_features.TestStockManagement" name="test_products_have_stock_fields" time="0.060" /><testcase classname="backend.tests.test_stock_discount_features.TestStockManagement" name="test_product_detail_includes_stock" time="0.033" /><testcase classname="backend.tests.test_stock_discount_features.TestStockManagement" name="test_out_of_stock_product_exists" time="0.037" /><testcase classname="backend.tests.test_stock_discount_features.TestStockManagement" name="test_low_stock_product_exists" time="0.036" /><testcase classname="backend.tests.test_stock_discount_features.TestStockValidationOnCart" name="test_add_out_of_stock_product_fails" time="0.076" /><testcase classname="backend.tests.test_stock_discount_features.TestStockValidationOnCart" name="test_add_more_than_available_stock_fails" time="0.039" /><testcase classname="backend.tests.test_stock_discount_features.TestStockValidationOnCart" name="test_add_within_stock_succeeds" time="0.038" /><testcase classname="backend.tests.test_stock_discount_features.TestCartStockInfo" name="test_cart_items_include_stock_info" time="0.074" /><testcase classname="backend.tests.test_stock_discount_features.TestProducerStockUpdate" name="test_producer_update_stock" time="0.124" /><testcase classname="backend.tests.test_stock_discount_features.TestAdminStockUpdate" name="test_admin_update_stock" time="0.072" /><testcase classname="backend.tests.test_stock_discount_features.TestDiscountCodesCRUD" name="test_get_discount_codes" time="0.037" /><testcase classname="backend.tests.test_stock_discount_features.TestDiscountCodesCRUD" name="test_discount_code_structure" time="0.043" /><testcase classname="backend.tests.test_stock_discount_features.TestDiscountCodesCRUD" name="test_create_discount_code" time="0.035" /><testcase classname="backend.tests.test_stock_discount_features.TestDiscountCodesCRUD" name="test_update_discount_code" time="0.071" /><testcase classname="backend.tests.test_stock_discount_features.TestDiscountCodesCRUD" name="test_toggle_discount_code_status" time="0.082" /><testcase classname="backend.tests.test_stock_discount_features.TestDiscountCodesCRUD" name="test_delete_discount_code" time="0.035" /><testcase classname="backend.tests.test_stock_discount_features.TestDiscountCodesCRUD" name="test_create_duplicate_code_fails" time="0.041" /><testcase classname="backend.tests.test_stock_discount_features.TestDiscountCodesCRUD" name="test_customer_cannot_access_discount_codes_admin" time="0.036" /><testcase classname="backend.tests.test_stock_discount_features.TestDiscountApplication" name="test_apply_valid_percentage_discount" time="0.118" /><testcase classname="backend.tests.test_stock_discount_features.TestDiscountApplication" name="test_apply_valid_fixed_discount" time="0.036" /><testcase classname="backend.tests.test_stock_discount_features.TestDiscountApplication" name="test_apply_free_shipping_discount" time="0.073" /><testcase classname="backend.tests.test_stock_discount_features.TestDiscountApplication" name="test_apply_invalid_discount_code" time="0.033" /><testcase classname="backend.tests.test_stock_discount_features.TestDiscountApplication" name="test_cart_shows_applied_discount" time="0.071" /><testcase classname="backend.tests.test_stock_discount_features.TestDiscountApplication" name="test_remove_discount" time="0.655" /><testcase classname="backend.tests.test_stock_discount_features.TestDiscountApplication" name="test_apply_discount_without_auth" time="0.076" /><testcase classname="backend.tests.test_stock_discount_features.TestCleanup" name="test_clear_cart" time="0.147" /></testsuite></testsuites>