<?xml version="1.0" encoding="utf-8"?><testsuites name="pytest tests"><testsuite name="pytest" errors="0" failures="0" skipped="0" tests="12" time="0.812" timestamp="2026-02-10T17:00:17.307596+00:00" hostname="agent-env-e17eac3e-0dfc-4306-aacc-b7652d104eff"><testcase classname="backend.tests.test_store_profile_follow.TestStorePublicEndpoints" name="test_get_store_by_slug" time="0.072" /><testcase classname="backend.tests.test_store_profile_follow.TestStorePublicEndpoints" name="test_get_store_not_found" time="0.040" /><testcase classname="backend.tests.test_store_profile_follow.TestStorePublicEndpoints" name="test_get_store_products" time="0.042" /><testcase classname="backend.tests.test_store_profile_follow.TestStorePublicEndpoints" name="test_get_store_reviews" time="0.043" /><testcase classname="backend.tests.test_store_profile_follow.TestStorePublicEndpoints" name="test_get_store_certificates" time="0.037" /><testcase classname="backend.tests.test_store_profile_follow.TestStoreFollowSystem" name="test_follow_store_requires_auth" time="0.037" /><testcase classname="backend.tests.test_store_profile_follow.TestStoreFollowSystem" name="test_check_following_requires_auth" time="0.034" /><testcase classname="backend.tests.test_store_profile_follow.TestStoreFollowSystem" name="test_follow_and_unfollow_store" time="0.182" /><testcase classname="backend.tests.test_store_profile_follow.TestStoreFollowSystem" name="test_follow_nonexistent_store" time="0.041" /><testcase classname="backend.tests.test_store_profile_follow.TestProducerStoreProfile" name="test_get_producer_store_profile_requires_auth" time="0.037" /><testcase classname="backend.tests.test_store_profile_follow.TestProducerStoreProfile" name="test_get_producer_store_profile" time="0.051" /><testcase classname="backend.tests.test_store_profile_follow.TestProducerStoreProfile" name="test_update_producer_store_profile" time="0.139" /></testsuite></testsuites>