<?xml version="1.0" encoding="utf-8"?><testsuites name="pytest tests"><testsuite name="pytest" errors="0" failures="0" skipped="0" tests="30" time="2.178" timestamp="2026-02-03T13:22:00.764323+00:00" hostname="agent-env-65a0c0c7-7c22-4600-88e4-51d585843e11"><testcase classname="backend.tests.test_variants_packs_api.TestVariantCRUD" name="test_get_product_with_variants" time="0.075" /><testcase classname="backend.tests.test_variants_packs_api.TestVariantCRUD" name="test_create_variant_requires_auth" time="0.038" /><testcase classname="backend.tests.test_variants_packs_api.TestVariantCRUD" name="test_create_variant_requires_producer_role" time="0.087" /><testcase classname="backend.tests.test_variants_packs_api.TestVariantCRUD" name="test_create_variant_success" time="0.079" /><testcase classname="backend.tests.test_variants_packs_api.TestVariantCRUD" name="test_create_variant_product_not_found" time="0.035" /><testcase classname="backend.tests.test_variants_packs_api.TestVariantCRUD" name="test_update_variant_success" time="0.037" /><testcase classname="backend.tests.test_variants_packs_api.TestVariantCRUD" name="test_update_variant_not_found" time="0.042" /><testcase classname="backend.tests.test_variants_packs_api.TestVariantCRUD" name="test_delete_variant_success" time="0.070" /><testcase classname="backend.tests.test_variants_packs_api.TestVariantCRUD" name="test_delete_variant_not_found" time="0.038" /><testcase classname="backend.tests.test_variants_packs_api.TestPackCRUD" name="test_create_pack_success" time="0.113" /><testcase classname="backend.tests.test_variants_packs_api.TestPackCRUD" name="test_create_pack_requires_auth" time="0.033" /><testcase classname="backend.tests.test_variants_packs_api.TestPackCRUD" name="test_create_pack_variant_not_found" time="0.037" /><testcase classname="backend.tests.test_variants_packs_api.TestPackCRUD" name="test_create_pack_negative_price_rejected" time="0.036" /><testcase classname="backend.tests.test_variants_packs_api.TestPackCRUD" name="test_create_pack_negative_stock_rejected" time="0.035" /><testcase classname="backend.tests.test_variants_packs_api.TestPackCRUD" name="test_update_pack_success" time="0.071" /><testcase classname="backend.tests.test_variants_packs_api.TestPackCRUD" name="test_update_pack_not_found" time="0.036" /><testcase classname="backend.tests.test_variants_packs_api.TestPackCRUD" name="test_delete_pack_success" time="0.079" /><testcase classname="backend.tests.test_variants_packs_api.TestPackCRUD" name="test_delete_pack_not_found" time="0.032" /><testcase classname="backend.tests.test_variants_packs_api.TestPackCRUD" name="test_cleanup_test_variant" time="0.040" /><testcase classname="backend.tests.test_variants_packs_api.TestCartWithVariants" name="test_add_to_cart_with_variant_and_pack" time="0.037" /><testcase classname="backend.tests.test_variants_packs_api.TestCartWithVariants" name="test_cart_contains_variant_info" time="0.033" /><testcase classname="backend.tests.test_variants_packs_api.TestCartWithVariants" name="test_add_to_cart_requires_variant_for_variant_product" time="0.033" /><testcase classname="backend.tests.test_variants_packs_api.TestCartWithVariants" name="test_add_to_cart_requires_pack_for_variant_with_packs" time="0.031" /><testcase classname="backend.tests.test_variants_packs_api.TestCartWithVariants" name="test_add_to_cart_invalid_variant" time="0.039" /><testcase classname="backend.tests.test_variants_packs_api.TestCartWithVariants" name="test_add_to_cart_invalid_pack" time="0.032" /><testcase classname="backend.tests.test_variants_packs_api.TestCartWithVariants" name="test_remove_from_cart_with_variant_and_pack" time="0.065" /><testcase classname="backend.tests.test_variants_packs_api.TestCheckoutStockValidation" name="test_checkout_validates_pack_stock" time="0.699" /><testcase classname="backend.tests.test_variants_packs_api.TestProductDetailData" name="test_product_returns_variant_structure" time="0.035" /><testcase classname="backend.tests.test_variants_packs_api.TestProductDetailData" name="test_variant_has_correct_pack_prices" time="0.036" /><testcase classname="backend.tests.test_variants_packs_api.TestProductDetailData" name="test_pack_savings_calculation" time="0.033" /></testsuite></testsuites>