<?xml version="1.0" encoding="utf-8"?><testsuites name="pytest tests"><testsuite name="pytest" errors="0" failures="0" skipped="0" tests="7" time="1.093" timestamp="2026-02-10T21:38:37.811871+00:00" hostname="agent-env-8b85db18-0c7e-4dce-867b-fe276c28fa60"><testcase classname="backend.tests.test_withdrawal_features.TestWithdrawalEndpoints" name="test_get_withdrawals_endpoint_exists" time="0.079" /><testcase classname="backend.tests.test_withdrawal_features.TestWithdrawalEndpoints" name="test_request_withdrawal_endpoint_exists" time="0.151" /><testcase classname="backend.tests.test_withdrawal_features.TestWithdrawalEndpoints" name="test_withdrawal_minimum_validation" time="0.068" /><testcase classname="backend.tests.test_withdrawal_features.TestWithdrawalEndpoints" name="test_withdrawal_requires_stripe_connected" time="0.192" /><testcase classname="backend.tests.test_withdrawal_features.TestInfluencerDashboardWithdrawal" name="test_dashboard_has_payment_schedule" time="0.059" /><testcase classname="backend.tests.test_withdrawal_features.TestInfluencerDashboardWithdrawal" name="test_stripe_status_endpoint" time="0.077" /><testcase classname="backend.tests.test_withdrawal_features.TestWithdrawalWithNewInfluencer" name="test_create_test_influencer_and_test_withdrawal" time="0.406" /></testsuite></testsuites>